#! /usr/bin/vvp
:ivl_version "11.0 (stable)" "(v11_0)";
:ivl_delay_selection "TYPICAL";
:vpi_time_precision + 0;
:vpi_module "/usr/lib/ivl/system.vpi";
:vpi_module "/usr/lib/ivl/vhdl_sys.vpi";
:vpi_module "/usr/lib/ivl/vhdl_textio.vpi";
:vpi_module "/usr/lib/ivl/v2005_math.vpi";
:vpi_module "/usr/lib/ivl/va_math.vpi";
:vpi_module "/usr/lib/ivl/v2009.vpi";
S_0x55eff4675ff0 .scope package, "$unit" "$unit" 2 1;
 .timescale 0 0;
S_0x55eff466efb0 .scope module, "fulladder_bench" "fulladder_bench" 3 1;
 .timescale 0 0;
v0x55eff46b3b10_0 .var "A", 16 0;
v0x55eff46b3bf0_0 .var "B", 16 0;
v0x55eff46b3cd0_0 .net "Clk", 0 0, v0x55eff46b3770_0;  1 drivers
v0x55eff46b3d70_0 .net "Cout", 0 0, L_0x55eff46c09f0;  1 drivers
v0x55eff46b3e40_0 .net "S", 15 0, L_0x55eff46c0880;  1 drivers
v0x55eff46b3f30_0 .var "Sumcalc", 16 0;
o0x7f7e68047978 .functor BUFZ 1, C4<z>; HiZ drive
v0x55eff46b3fd0_0 .net "err", 0 0, o0x7f7e68047978;  0 drivers
v0x55eff46b40a0_0 .net "rst", 0 0, v0x55eff46b39d0_0;  1 drivers
E_0x55eff460ca60 .event negedge, v0x55eff46b3770_0;
L_0x55eff46c0e90 .part v0x55eff46b3b10_0, 0, 16;
L_0x55eff46c0f30 .part v0x55eff46b3bf0_0, 0, 16;
S_0x55eff466cc60 .scope module, "DUT" "fulladder16" 3 14, 4 1 0, S_0x55eff466efb0;
 .timescale 0 0;
    .port_info 0 /INPUT 16 "A";
    .port_info 1 /INPUT 16 "B";
    .port_info 2 /OUTPUT 16 "S";
    .port_info 3 /OUTPUT 1 "Cout";
v0x55eff46b2d30_0 .net "A", 15 0, L_0x55eff46c0e90;  1 drivers
v0x55eff46b2e30_0 .net "B", 15 0, L_0x55eff46c0f30;  1 drivers
v0x55eff46b2f10_0 .net "Cout", 0 0, L_0x55eff46c09f0;  alias, 1 drivers
v0x55eff46b2fb0_0 .net "S", 15 0, L_0x55eff46c0880;  alias, 1 drivers
v0x55eff46b3090_0 .net *"_ivl_10", 3 0, L_0x55eff46c0400;  1 drivers
v0x55eff46b31c0_0 .net *"_ivl_17", 3 0, L_0x55eff46c0cb0;  1 drivers
L_0x7f7e67ff8018 .functor BUFT 1, C4<0>, C4<0>, C4<0>, C4<0>;
v0x55eff46b32a0_0 .net/2u *"_ivl_8", 0 0, L_0x7f7e67ff8018;  1 drivers
v0x55eff46b3380_0 .net "carries", 2 0, L_0x55eff46c0ae0;  1 drivers
L_0x55eff46bfda0 .part L_0x55eff46c0e90, 0, 4;
L_0x55eff46bfe40 .part L_0x55eff46c0e90, 4, 4;
L_0x55eff46bfee0 .part L_0x55eff46c0e90, 8, 4;
L_0x55eff46bff80 .part L_0x55eff46c0e90, 12, 4;
L_0x55eff46c00b0 .part L_0x55eff46c0f30, 0, 4;
L_0x55eff46c0150 .part L_0x55eff46c0f30, 4, 4;
L_0x55eff46c0230 .part L_0x55eff46c0f30, 8, 4;
L_0x55eff46c02d0 .part L_0x55eff46c0f30, 12, 4;
L_0x55eff46c0400 .concat [ 1 3 0 0], L_0x7f7e67ff8018, L_0x55eff46c0ae0;
L_0x55eff46c04a0 .part L_0x55eff46c0400, 0, 1;
L_0x55eff46c05a0 .part L_0x55eff46c0400, 1, 1;
L_0x55eff46c0640 .part L_0x55eff46c0400, 2, 1;
L_0x55eff46c07e0 .part L_0x55eff46c0400, 3, 1;
L_0x55eff46c0880 .concat [ 4 4 4 4], L_0x55eff46b7130, L_0x55eff46b9ed0, L_0x55eff46bcc70, L_0x55eff46bfa10;
L_0x55eff46c09f0 .part L_0x55eff46c0cb0, 3, 1;
L_0x55eff46c0ae0 .part L_0x55eff46c0cb0, 0, 3;
L_0x55eff46c0cb0 .concat [ 1 1 1 1], L_0x55eff46b7250, L_0x55eff46b9ff0, L_0x55eff46bcd90, L_0x55eff46bfb30;
S_0x55eff466c420 .scope module, "adders[0]" "fulladder4" 4 8, 5 1 0, S_0x55eff466cc60;
 .timescale 0 0;
    .port_info 0 /INPUT 4 "A";
    .port_info 1 /INPUT 4 "B";
    .port_info 2 /INPUT 1 "Cin";
    .port_info 3 /OUTPUT 4 "S";
    .port_info 4 /OUTPUT 1 "Cout";
v0x55eff4694480_0 .net "A", 3 0, L_0x55eff46bfda0;  1 drivers
v0x55eff4694580_0 .net "B", 3 0, L_0x55eff46c00b0;  1 drivers
v0x55eff4694660_0 .net "Cin", 0 0, L_0x55eff46c04a0;  1 drivers
v0x55eff4694700_0 .net "Cout", 0 0, L_0x55eff46b7250;  1 drivers
v0x55eff46947c0_0 .net "S", 3 0, L_0x55eff46b7130;  1 drivers
v0x55eff46948f0_0 .net *"_ivl_15", 3 0, L_0x55eff46b7420;  1 drivers
v0x55eff46949d0_0 .net *"_ivl_8", 3 0, L_0x55eff46b6cb0;  1 drivers
v0x55eff4694ab0_0 .net "carries", 2 0, L_0x55eff46b72f0;  1 drivers
L_0x55eff46b6600 .part L_0x55eff46bfda0, 0, 1;
L_0x55eff46b66a0 .part L_0x55eff46bfda0, 1, 1;
L_0x55eff46b6740 .part L_0x55eff46bfda0, 2, 1;
L_0x55eff46b67e0 .part L_0x55eff46bfda0, 3, 1;
L_0x55eff46b6910 .part L_0x55eff46c00b0, 0, 1;
L_0x55eff46b69b0 .part L_0x55eff46c00b0, 1, 1;
L_0x55eff46b6a90 .part L_0x55eff46c00b0, 2, 1;
L_0x55eff46b6b30 .part L_0x55eff46c00b0, 3, 1;
L_0x55eff46b6cb0 .concat [ 1 3 0 0], L_0x55eff46c04a0, L_0x55eff46b72f0;
L_0x55eff46b6d50 .part L_0x55eff46b6cb0, 0, 1;
L_0x55eff46b6e50 .part L_0x55eff46b6cb0, 1, 1;
L_0x55eff46b6ef0 .part L_0x55eff46b6cb0, 2, 1;
L_0x55eff46b7090 .part L_0x55eff46b6cb0, 3, 1;
L_0x55eff46b7130 .concat [ 1 1 1 1], L_0x55eff46b4750, L_0x55eff46b4ee0, L_0x55eff46b5700, L_0x55eff46b5f20;
L_0x55eff46b7250 .part L_0x55eff46b7420, 3, 1;
L_0x55eff46b72f0 .part L_0x55eff46b7420, 0, 3;
L_0x55eff46b7420 .concat [ 1 1 1 1], L_0x55eff46b4d10, L_0x55eff46b5530, L_0x55eff46b5d50, L_0x55eff46b6570;
S_0x55eff466bbe0 .scope module, "adders[0]" "fulladder1" 5 10, 6 1 0, S_0x55eff466c420;
 .timescale 0 0;
    .port_info 0 /INPUT 1 "A";
    .port_info 1 /INPUT 1 "B";
    .port_info 2 /INPUT 1 "Cin";
    .port_info 3 /OUTPUT 1 "S";
    .port_info 4 /OUTPUT 1 "Cout";
v0x55eff468ce20_0 .net "A", 0 0, L_0x55eff46b6600;  1 drivers
v0x55eff468cf10_0 .net "B", 0 0, L_0x55eff46b6910;  1 drivers
v0x55eff468d020_0 .net "Cin", 0 0, L_0x55eff46b6d50;  1 drivers
v0x55eff468d110_0 .net "Cout", 0 0, L_0x55eff46b4d10;  1 drivers
v0x55eff468d1b0_0 .net "S", 0 0, L_0x55eff46b4750;  1 drivers
v0x55eff468d2a0_0 .net "not_ab_ovf", 0 0, L_0x55eff46b4920;  1 drivers
v0x55eff468d390_0 .net "not_cin_ovf", 0 0, L_0x55eff46b4ad0;  1 drivers
v0x55eff468d480_0 .net "sum_ab", 0 0, L_0x55eff46b46c0;  1 drivers
S_0x55eff466a910 .scope module, "na1" "nand2" 6 15, 7 1 0, S_0x55eff466bbe0;
 .timescale 0 0;
    .port_info 0 /INPUT 1 "in1";
    .port_info 1 /INPUT 1 "in2";
    .port_info 2 /OUTPUT 1 "out";
L_0x55eff46b4800 .functor AND 1, L_0x55eff46b6600, L_0x55eff46b6910, C4<1>, C4<1>;
L_0x55eff46b4920 .functor NOT 1, L_0x55eff46b4800, C4<0>, C4<0>, C4<0>;
v0x55eff46743a0_0 .net *"_ivl_0", 0 0, L_0x55eff46b4800;  1 drivers
v0x55eff468b5d0_0 .net "in1", 0 0, L_0x55eff46b6600;  alias, 1 drivers
v0x55eff468b690_0 .net "in2", 0 0, L_0x55eff46b6910;  alias, 1 drivers
v0x55eff468b730_0 .net "out", 0 0, L_0x55eff46b4920;  alias, 1 drivers
S_0x55eff468b870 .scope module, "na2" "nand2" 6 16, 7 1 0, S_0x55eff466bbe0;
 .timescale 0 0;
    .port_info 0 /INPUT 1 "in1";
    .port_info 1 /INPUT 1 "in2";
    .port_info 2 /OUTPUT 1 "out";
L_0x55eff46b49b0 .functor AND 1, L_0x55eff46b46c0, L_0x55eff46b6d50, C4<1>, C4<1>;
L_0x55eff46b4ad0 .functor NOT 1, L_0x55eff46b49b0, C4<0>, C4<0>, C4<0>;
v0x55eff468baa0_0 .net *"_ivl_0", 0 0, L_0x55eff46b49b0;  1 drivers
v0x55eff468bba0_0 .net "in1", 0 0, L_0x55eff46b46c0;  alias, 1 drivers
v0x55eff468bc60_0 .net "in2", 0 0, L_0x55eff46b6d50;  alias, 1 drivers
v0x55eff468bd00_0 .net "out", 0 0, L_0x55eff46b4ad0;  alias, 1 drivers
S_0x55eff468be40 .scope module, "na3" "nand2" 6 17, 7 1 0, S_0x55eff466bbe0;
 .timescale 0 0;
    .port_info 0 /INPUT 1 "in1";
    .port_info 1 /INPUT 1 "in2";
    .port_info 2 /OUTPUT 1 "out";
L_0x55eff46b4b60 .functor AND 1, L_0x55eff46b4920, L_0x55eff46b4ad0, C4<1>, C4<1>;
L_0x55eff46b4d10 .functor NOT 1, L_0x55eff46b4b60, C4<0>, C4<0>, C4<0>;
v0x55eff468c070_0 .net *"_ivl_0", 0 0, L_0x55eff46b4b60;  1 drivers
v0x55eff468c150_0 .net "in1", 0 0, L_0x55eff46b4920;  alias, 1 drivers
v0x55eff468c240_0 .net "in2", 0 0, L_0x55eff46b4ad0;  alias, 1 drivers
v0x55eff468c340_0 .net "out", 0 0, L_0x55eff46b4d10;  alias, 1 drivers
S_0x55eff468c400 .scope module, "xor_int" "xor2" 6 11, 8 1 0, S_0x55eff466bbe0;
 .timescale 0 0;
    .port_info 0 /INPUT 1 "in1";
    .port_info 1 /INPUT 1 "in2";
    .port_info 2 /OUTPUT 1 "out";
L_0x55eff46b46c0 .functor XOR 1, L_0x55eff46b6600, L_0x55eff46b6910, C4<0>, C4<0>;
v0x55eff468c630_0 .net "in1", 0 0, L_0x55eff46b6600;  alias, 1 drivers
v0x55eff468c720_0 .net "in2", 0 0, L_0x55eff46b6910;  alias, 1 drivers
v0x55eff468c7f0_0 .net "out", 0 0, L_0x55eff46b46c0;  alias, 1 drivers
S_0x55eff468c8f0 .scope module, "xor_sum" "xor2" 6 12, 8 1 0, S_0x55eff466bbe0;
 .timescale 0 0;
    .port_info 0 /INPUT 1 "in1";
    .port_info 1 /INPUT 1 "in2";
    .port_info 2 /OUTPUT 1 "out";
L_0x55eff46b4750 .functor XOR 1, L_0x55eff46b46c0, L_0x55eff46b6d50, C4<0>, C4<0>;
v0x55eff468cb70_0 .net "in1", 0 0, L_0x55eff46b46c0;  alias, 1 drivers
v0x55eff468cc80_0 .net "in2", 0 0, L_0x55eff46b6d50;  alias, 1 drivers
v0x55eff468cd40_0 .net "out", 0 0, L_0x55eff46b4750;  alias, 1 drivers
S_0x55eff468d540 .scope module, "adders[1]" "fulladder1" 5 10, 6 1 0, S_0x55eff466c420;
 .timescale 0 0;
    .port_info 0 /INPUT 1 "A";
    .port_info 1 /INPUT 1 "B";
    .port_info 2 /INPUT 1 "Cin";
    .port_info 3 /OUTPUT 1 "S";
    .port_info 4 /OUTPUT 1 "Cout";
v0x55eff468f330_0 .net "A", 0 0, L_0x55eff46b66a0;  1 drivers
v0x55eff468f420_0 .net "B", 0 0, L_0x55eff46b69b0;  1 drivers
v0x55eff468f530_0 .net "Cin", 0 0, L_0x55eff46b6e50;  1 drivers
v0x55eff468f620_0 .net "Cout", 0 0, L_0x55eff46b5530;  1 drivers
v0x55eff468f6c0_0 .net "S", 0 0, L_0x55eff46b4ee0;  1 drivers
v0x55eff468f7b0_0 .net "not_ab_ovf", 0 0, L_0x55eff46b5140;  1 drivers
v0x55eff468f8a0_0 .net "not_cin_ovf", 0 0, L_0x55eff46b52f0;  1 drivers
v0x55eff468f990_0 .net "sum_ab", 0 0, L_0x55eff46b4da0;  1 drivers
S_0x55eff468d760 .scope module, "na1" "nand2" 6 15, 7 1 0, S_0x55eff468d540;
 .timescale 0 0;
    .port_info 0 /INPUT 1 "in1";
    .port_info 1 /INPUT 1 "in2";
    .port_info 2 /OUTPUT 1 "out";
L_0x55eff46b4f90 .functor AND 1, L_0x55eff46b66a0, L_0x55eff46b69b0, C4<1>, C4<1>;
L_0x55eff46b5140 .functor NOT 1, L_0x55eff46b4f90, C4<0>, C4<0>, C4<0>;
v0x55eff468d9b0_0 .net *"_ivl_0", 0 0, L_0x55eff46b4f90;  1 drivers
v0x55eff468dab0_0 .net "in1", 0 0, L_0x55eff46b66a0;  alias, 1 drivers
v0x55eff468db70_0 .net "in2", 0 0, L_0x55eff46b69b0;  alias, 1 drivers
v0x55eff468dc10_0 .net "out", 0 0, L_0x55eff46b5140;  alias, 1 drivers
S_0x55eff468dd50 .scope module, "na2" "nand2" 6 16, 7 1 0, S_0x55eff468d540;
 .timescale 0 0;
    .port_info 0 /INPUT 1 "in1";
    .port_info 1 /INPUT 1 "in2";
    .port_info 2 /OUTPUT 1 "out";
L_0x55eff46b51d0 .functor AND 1, L_0x55eff46b4da0, L_0x55eff46b6e50, C4<1>, C4<1>;
L_0x55eff46b52f0 .functor NOT 1, L_0x55eff46b51d0, C4<0>, C4<0>, C4<0>;
v0x55eff468df80_0 .net *"_ivl_0", 0 0, L_0x55eff46b51d0;  1 drivers
v0x55eff468e080_0 .net "in1", 0 0, L_0x55eff46b4da0;  alias, 1 drivers
v0x55eff468e140_0 .net "in2", 0 0, L_0x55eff46b6e50;  alias, 1 drivers
v0x55eff468e1e0_0 .net "out", 0 0, L_0x55eff46b52f0;  alias, 1 drivers
S_0x55eff468e320 .scope module, "na3" "nand2" 6 17, 7 1 0, S_0x55eff468d540;
 .timescale 0 0;
    .port_info 0 /INPUT 1 "in1";
    .port_info 1 /INPUT 1 "in2";
    .port_info 2 /OUTPUT 1 "out";
L_0x55eff46b5380 .functor AND 1, L_0x55eff46b5140, L_0x55eff46b52f0, C4<1>, C4<1>;
L_0x55eff46b5530 .functor NOT 1, L_0x55eff46b5380, C4<0>, C4<0>, C4<0>;
v0x55eff468e580_0 .net *"_ivl_0", 0 0, L_0x55eff46b5380;  1 drivers
v0x55eff468e660_0 .net "in1", 0 0, L_0x55eff46b5140;  alias, 1 drivers
v0x55eff468e750_0 .net "in2", 0 0, L_0x55eff46b52f0;  alias, 1 drivers
v0x55eff468e850_0 .net "out", 0 0, L_0x55eff46b5530;  alias, 1 drivers
S_0x55eff468e910 .scope module, "xor_int" "xor2" 6 11, 8 1 0, S_0x55eff468d540;
 .timescale 0 0;
    .port_info 0 /INPUT 1 "in1";
    .port_info 1 /INPUT 1 "in2";
    .port_info 2 /OUTPUT 1 "out";
L_0x55eff46b4da0 .functor XOR 1, L_0x55eff46b66a0, L_0x55eff46b69b0, C4<0>, C4<0>;
v0x55eff468eb40_0 .net "in1", 0 0, L_0x55eff46b66a0;  alias, 1 drivers
v0x55eff468ec30_0 .net "in2", 0 0, L_0x55eff46b69b0;  alias, 1 drivers
v0x55eff468ed00_0 .net "out", 0 0, L_0x55eff46b4da0;  alias, 1 drivers
S_0x55eff468ee00 .scope module, "xor_sum" "xor2" 6 12, 8 1 0, S_0x55eff468d540;
 .timescale 0 0;
    .port_info 0 /INPUT 1 "in1";
    .port_info 1 /INPUT 1 "in2";
    .port_info 2 /OUTPUT 1 "out";
L_0x55eff46b4ee0 .functor XOR 1, L_0x55eff46b4da0, L_0x55eff46b6e50, C4<0>, C4<0>;
v0x55eff468f080_0 .net "in1", 0 0, L_0x55eff46b4da0;  alias, 1 drivers
v0x55eff468f190_0 .net "in2", 0 0, L_0x55eff46b6e50;  alias, 1 drivers
v0x55eff468f250_0 .net "out", 0 0, L_0x55eff46b4ee0;  alias, 1 drivers
S_0x55eff468fa50 .scope module, "adders[2]" "fulladder1" 5 10, 6 1 0, S_0x55eff466c420;
 .timescale 0 0;
    .port_info 0 /INPUT 1 "A";
    .port_info 1 /INPUT 1 "B";
    .port_info 2 /INPUT 1 "Cin";
    .port_info 3 /OUTPUT 1 "S";
    .port_info 4 /OUTPUT 1 "Cout";
v0x55eff4691850_0 .net "A", 0 0, L_0x55eff46b6740;  1 drivers
v0x55eff4691940_0 .net "B", 0 0, L_0x55eff46b6a90;  1 drivers
v0x55eff4691a50_0 .net "Cin", 0 0, L_0x55eff46b6ef0;  1 drivers
v0x55eff4691b40_0 .net "Cout", 0 0, L_0x55eff46b5d50;  1 drivers
v0x55eff4691be0_0 .net "S", 0 0, L_0x55eff46b5700;  1 drivers
v0x55eff4691cd0_0 .net "not_ab_ovf", 0 0, L_0x55eff46b5960;  1 drivers
v0x55eff4691dc0_0 .net "not_cin_ovf", 0 0, L_0x55eff46b5b10;  1 drivers
v0x55eff4691eb0_0 .net "sum_ab", 0 0, L_0x55eff46b55c0;  1 drivers
S_0x55eff468fc50 .scope module, "na1" "nand2" 6 15, 7 1 0, S_0x55eff468fa50;
 .timescale 0 0;
    .port_info 0 /INPUT 1 "in1";
    .port_info 1 /INPUT 1 "in2";
    .port_info 2 /OUTPUT 1 "out";
L_0x55eff46b57b0 .functor AND 1, L_0x55eff46b6740, L_0x55eff46b6a90, C4<1>, C4<1>;
L_0x55eff46b5960 .functor NOT 1, L_0x55eff46b57b0, C4<0>, C4<0>, C4<0>;
v0x55eff468fea0_0 .net *"_ivl_0", 0 0, L_0x55eff46b57b0;  1 drivers
v0x55eff468ffa0_0 .net "in1", 0 0, L_0x55eff46b6740;  alias, 1 drivers
v0x55eff4690060_0 .net "in2", 0 0, L_0x55eff46b6a90;  alias, 1 drivers
v0x55eff4690100_0 .net "out", 0 0, L_0x55eff46b5960;  alias, 1 drivers
S_0x55eff4690240 .scope module, "na2" "nand2" 6 16, 7 1 0, S_0x55eff468fa50;
 .timescale 0 0;
    .port_info 0 /INPUT 1 "in1";
    .port_info 1 /INPUT 1 "in2";
    .port_info 2 /OUTPUT 1 "out";
L_0x55eff46b59f0 .functor AND 1, L_0x55eff46b55c0, L_0x55eff46b6ef0, C4<1>, C4<1>;
L_0x55eff46b5b10 .functor NOT 1, L_0x55eff46b59f0, C4<0>, C4<0>, C4<0>;
v0x55eff4690470_0 .net *"_ivl_0", 0 0, L_0x55eff46b59f0;  1 drivers
v0x55eff4690570_0 .net "in1", 0 0, L_0x55eff46b55c0;  alias, 1 drivers
v0x55eff4690630_0 .net "in2", 0 0, L_0x55eff46b6ef0;  alias, 1 drivers
v0x55eff4690700_0 .net "out", 0 0, L_0x55eff46b5b10;  alias, 1 drivers
S_0x55eff4690840 .scope module, "na3" "nand2" 6 17, 7 1 0, S_0x55eff468fa50;
 .timescale 0 0;
    .port_info 0 /INPUT 1 "in1";
    .port_info 1 /INPUT 1 "in2";
    .port_info 2 /OUTPUT 1 "out";
L_0x55eff46b5ba0 .functor AND 1, L_0x55eff46b5960, L_0x55eff46b5b10, C4<1>, C4<1>;
L_0x55eff46b5d50 .functor NOT 1, L_0x55eff46b5ba0, C4<0>, C4<0>, C4<0>;
v0x55eff4690aa0_0 .net *"_ivl_0", 0 0, L_0x55eff46b5ba0;  1 drivers
v0x55eff4690b80_0 .net "in1", 0 0, L_0x55eff46b5960;  alias, 1 drivers
v0x55eff4690c70_0 .net "in2", 0 0, L_0x55eff46b5b10;  alias, 1 drivers
v0x55eff4690d70_0 .net "out", 0 0, L_0x55eff46b5d50;  alias, 1 drivers
S_0x55eff4690e30 .scope module, "xor_int" "xor2" 6 11, 8 1 0, S_0x55eff468fa50;
 .timescale 0 0;
    .port_info 0 /INPUT 1 "in1";
    .port_info 1 /INPUT 1 "in2";
    .port_info 2 /OUTPUT 1 "out";
L_0x55eff46b55c0 .functor XOR 1, L_0x55eff46b6740, L_0x55eff46b6a90, C4<0>, C4<0>;
v0x55eff4691060_0 .net "in1", 0 0, L_0x55eff46b6740;  alias, 1 drivers
v0x55eff4691150_0 .net "in2", 0 0, L_0x55eff46b6a90;  alias, 1 drivers
v0x55eff4691220_0 .net "out", 0 0, L_0x55eff46b55c0;  alias, 1 drivers
S_0x55eff4691320 .scope module, "xor_sum" "xor2" 6 12, 8 1 0, S_0x55eff468fa50;
 .timescale 0 0;
    .port_info 0 /INPUT 1 "in1";
    .port_info 1 /INPUT 1 "in2";
    .port_info 2 /OUTPUT 1 "out";
L_0x55eff46b5700 .functor XOR 1, L_0x55eff46b55c0, L_0x55eff46b6ef0, C4<0>, C4<0>;
v0x55eff46915a0_0 .net "in1", 0 0, L_0x55eff46b55c0;  alias, 1 drivers
v0x55eff46916b0_0 .net "in2", 0 0, L_0x55eff46b6ef0;  alias, 1 drivers
v0x55eff4691770_0 .net "out", 0 0, L_0x55eff46b5700;  alias, 1 drivers
S_0x55eff4691f70 .scope module, "adders[3]" "fulladder1" 5 10, 6 1 0, S_0x55eff466c420;
 .timescale 0 0;
    .port_info 0 /INPUT 1 "A";
    .port_info 1 /INPUT 1 "B";
    .port_info 2 /INPUT 1 "Cin";
    .port_info 3 /OUTPUT 1 "S";
    .port_info 4 /OUTPUT 1 "Cout";
v0x55eff4693d60_0 .net "A", 0 0, L_0x55eff46b67e0;  1 drivers
v0x55eff4693e50_0 .net "B", 0 0, L_0x55eff46b6b30;  1 drivers
v0x55eff4693f60_0 .net "Cin", 0 0, L_0x55eff46b7090;  1 drivers
v0x55eff4694050_0 .net "Cout", 0 0, L_0x55eff46b6570;  1 drivers
v0x55eff46940f0_0 .net "S", 0 0, L_0x55eff46b5f20;  1 drivers
v0x55eff46941e0_0 .net "not_ab_ovf", 0 0, L_0x55eff46b6180;  1 drivers
v0x55eff46942d0_0 .net "not_cin_ovf", 0 0, L_0x55eff46b6330;  1 drivers
v0x55eff46943c0_0 .net "sum_ab", 0 0, L_0x55eff46b5de0;  1 drivers
S_0x55eff4692170 .scope module, "na1" "nand2" 6 15, 7 1 0, S_0x55eff4691f70;
 .timescale 0 0;
    .port_info 0 /INPUT 1 "in1";
    .port_info 1 /INPUT 1 "in2";
    .port_info 2 /OUTPUT 1 "out";
L_0x55eff46b5fd0 .functor AND 1, L_0x55eff46b67e0, L_0x55eff46b6b30, C4<1>, C4<1>;
L_0x55eff46b6180 .functor NOT 1, L_0x55eff46b5fd0, C4<0>, C4<0>, C4<0>;
v0x55eff46923e0_0 .net *"_ivl_0", 0 0, L_0x55eff46b5fd0;  1 drivers
v0x55eff46924e0_0 .net "in1", 0 0, L_0x55eff46b67e0;  alias, 1 drivers
v0x55eff46925a0_0 .net "in2", 0 0, L_0x55eff46b6b30;  alias, 1 drivers
v0x55eff4692640_0 .net "out", 0 0, L_0x55eff46b6180;  alias, 1 drivers
S_0x55eff4692780 .scope module, "na2" "nand2" 6 16, 7 1 0, S_0x55eff4691f70;
 .timescale 0 0;
    .port_info 0 /INPUT 1 "in1";
    .port_info 1 /INPUT 1 "in2";
    .port_info 2 /OUTPUT 1 "out";
L_0x55eff46b6210 .functor AND 1, L_0x55eff46b5de0, L_0x55eff46b7090, C4<1>, C4<1>;
L_0x55eff46b6330 .functor NOT 1, L_0x55eff46b6210, C4<0>, C4<0>, C4<0>;
v0x55eff46929b0_0 .net *"_ivl_0", 0 0, L_0x55eff46b6210;  1 drivers
v0x55eff4692ab0_0 .net "in1", 0 0, L_0x55eff46b5de0;  alias, 1 drivers
v0x55eff4692b70_0 .net "in2", 0 0, L_0x55eff46b7090;  alias, 1 drivers
v0x55eff4692c10_0 .net "out", 0 0, L_0x55eff46b6330;  alias, 1 drivers
S_0x55eff4692d50 .scope module, "na3" "nand2" 6 17, 7 1 0, S_0x55eff4691f70;
 .timescale 0 0;
    .port_info 0 /INPUT 1 "in1";
    .port_info 1 /INPUT 1 "in2";
    .port_info 2 /OUTPUT 1 "out";
L_0x55eff46b63c0 .functor AND 1, L_0x55eff46b6180, L_0x55eff46b6330, C4<1>, C4<1>;
L_0x55eff46b6570 .functor NOT 1, L_0x55eff46b63c0, C4<0>, C4<0>, C4<0>;
v0x55eff4692fb0_0 .net *"_ivl_0", 0 0, L_0x55eff46b63c0;  1 drivers
v0x55eff4693090_0 .net "in1", 0 0, L_0x55eff46b6180;  alias, 1 drivers
v0x55eff4693180_0 .net "in2", 0 0, L_0x55eff46b6330;  alias, 1 drivers
v0x55eff4693280_0 .net "out", 0 0, L_0x55eff46b6570;  alias, 1 drivers
S_0x55eff4693340 .scope module, "xor_int" "xor2" 6 11, 8 1 0, S_0x55eff4691f70;
 .timescale 0 0;
    .port_info 0 /INPUT 1 "in1";
    .port_info 1 /INPUT 1 "in2";
    .port_info 2 /OUTPUT 1 "out";
L_0x55eff46b5de0 .functor XOR 1, L_0x55eff46b67e0, L_0x55eff46b6b30, C4<0>, C4<0>;
v0x55eff4693570_0 .net "in1", 0 0, L_0x55eff46b67e0;  alias, 1 drivers
v0x55eff4693660_0 .net "in2", 0 0, L_0x55eff46b6b30;  alias, 1 drivers
v0x55eff4693730_0 .net "out", 0 0, L_0x55eff46b5de0;  alias, 1 drivers
S_0x55eff4693830 .scope module, "xor_sum" "xor2" 6 12, 8 1 0, S_0x55eff4691f70;
 .timescale 0 0;
    .port_info 0 /INPUT 1 "in1";
    .port_info 1 /INPUT 1 "in2";
    .port_info 2 /OUTPUT 1 "out";
L_0x55eff46b5f20 .functor XOR 1, L_0x55eff46b5de0, L_0x55eff46b7090, C4<0>, C4<0>;
v0x55eff4693ab0_0 .net "in1", 0 0, L_0x55eff46b5de0;  alias, 1 drivers
v0x55eff4693bc0_0 .net "in2", 0 0, L_0x55eff46b7090;  alias, 1 drivers
v0x55eff4693c80_0 .net "out", 0 0, L_0x55eff46b5f20;  alias, 1 drivers
S_0x55eff4694c30 .scope module, "adders[1]" "fulladder4" 4 8, 5 1 0, S_0x55eff466cc60;
 .timescale 0 0;
    .port_info 0 /INPUT 4 "A";
    .port_info 1 /INPUT 4 "B";
    .port_info 2 /INPUT 1 "Cin";
    .port_info 3 /OUTPUT 4 "S";
    .port_info 4 /OUTPUT 1 "Cout";
v0x55eff469e3d0_0 .net "A", 3 0, L_0x55eff46bfe40;  1 drivers
v0x55eff469e4d0_0 .net "B", 3 0, L_0x55eff46c0150;  1 drivers
v0x55eff469e5b0_0 .net "Cin", 0 0, L_0x55eff46c05a0;  1 drivers
v0x55eff469e650_0 .net "Cout", 0 0, L_0x55eff46b9ff0;  1 drivers
v0x55eff469e710_0 .net "S", 3 0, L_0x55eff46b9ed0;  1 drivers
v0x55eff469e840_0 .net *"_ivl_15", 3 0, L_0x55eff46ba1c0;  1 drivers
v0x55eff469e920_0 .net *"_ivl_8", 3 0, L_0x55eff46b9a50;  1 drivers
v0x55eff469ea00_0 .net "carries", 2 0, L_0x55eff46ba090;  1 drivers
L_0x55eff46b93f0 .part L_0x55eff46bfe40, 0, 1;
L_0x55eff46b9490 .part L_0x55eff46bfe40, 1, 1;
L_0x55eff46b9530 .part L_0x55eff46bfe40, 2, 1;
L_0x55eff46b95d0 .part L_0x55eff46bfe40, 3, 1;
L_0x55eff46b9700 .part L_0x55eff46c0150, 0, 1;
L_0x55eff46b97a0 .part L_0x55eff46c0150, 1, 1;
L_0x55eff46b9880 .part L_0x55eff46c0150, 2, 1;
L_0x55eff46b9920 .part L_0x55eff46c0150, 3, 1;
L_0x55eff46b9a50 .concat [ 1 3 0 0], L_0x55eff46c05a0, L_0x55eff46ba090;
L_0x55eff46b9af0 .part L_0x55eff46b9a50, 0, 1;
L_0x55eff46b9bf0 .part L_0x55eff46b9a50, 1, 1;
L_0x55eff46b9c90 .part L_0x55eff46b9a50, 2, 1;
L_0x55eff46b9e30 .part L_0x55eff46b9a50, 3, 1;
L_0x55eff46b9ed0 .concat [ 1 1 1 1], L_0x55eff46b7550, L_0x55eff46b7cd0, L_0x55eff46b84f0, L_0x55eff46b8d10;
L_0x55eff46b9ff0 .part L_0x55eff46ba1c0, 3, 1;
L_0x55eff46ba090 .part L_0x55eff46ba1c0, 0, 3;
L_0x55eff46ba1c0 .concat [ 1 1 1 1], L_0x55eff46b7b00, L_0x55eff46b8320, L_0x55eff46b8b40, L_0x55eff46b9360;
S_0x55eff4694e50 .scope module, "adders[0]" "fulladder1" 5 10, 6 1 0, S_0x55eff4694c30;
 .timescale 0 0;
    .port_info 0 /INPUT 1 "A";
    .port_info 1 /INPUT 1 "B";
    .port_info 2 /INPUT 1 "Cin";
    .port_info 3 /OUTPUT 1 "S";
    .port_info 4 /OUTPUT 1 "Cout";
v0x55eff4696c70_0 .net "A", 0 0, L_0x55eff46b93f0;  1 drivers
v0x55eff4696d60_0 .net "B", 0 0, L_0x55eff46b9700;  1 drivers
v0x55eff4696e70_0 .net "Cin", 0 0, L_0x55eff46b9af0;  1 drivers
v0x55eff4696f60_0 .net "Cout", 0 0, L_0x55eff46b7b00;  1 drivers
v0x55eff4697000_0 .net "S", 0 0, L_0x55eff46b7550;  1 drivers
v0x55eff46970f0_0 .net "not_ab_ovf", 0 0, L_0x55eff46b7750;  1 drivers
v0x55eff46971e0_0 .net "not_cin_ovf", 0 0, L_0x55eff46b78c0;  1 drivers
v0x55eff46972d0_0 .net "sum_ab", 0 0, L_0x55eff46b7020;  1 drivers
S_0x55eff4695050 .scope module, "na1" "nand2" 6 15, 7 1 0, S_0x55eff4694e50;
 .timescale 0 0;
    .port_info 0 /INPUT 1 "in1";
    .port_info 1 /INPUT 1 "in2";
    .port_info 2 /OUTPUT 1 "out";
L_0x55eff46b75c0 .functor AND 1, L_0x55eff46b93f0, L_0x55eff46b9700, C4<1>, C4<1>;
L_0x55eff46b7750 .functor NOT 1, L_0x55eff46b75c0, C4<0>, C4<0>, C4<0>;
v0x55eff46952c0_0 .net *"_ivl_0", 0 0, L_0x55eff46b75c0;  1 drivers
v0x55eff46953c0_0 .net "in1", 0 0, L_0x55eff46b93f0;  alias, 1 drivers
v0x55eff4695480_0 .net "in2", 0 0, L_0x55eff46b9700;  alias, 1 drivers
v0x55eff4695520_0 .net "out", 0 0, L_0x55eff46b7750;  alias, 1 drivers
S_0x55eff4695660 .scope module, "na2" "nand2" 6 16, 7 1 0, S_0x55eff4694e50;
 .timescale 0 0;
    .port_info 0 /INPUT 1 "in1";
    .port_info 1 /INPUT 1 "in2";
    .port_info 2 /OUTPUT 1 "out";
L_0x55eff46b77c0 .functor AND 1, L_0x55eff46b7020, L_0x55eff46b9af0, C4<1>, C4<1>;
L_0x55eff46b78c0 .functor NOT 1, L_0x55eff46b77c0, C4<0>, C4<0>, C4<0>;
v0x55eff4695890_0 .net *"_ivl_0", 0 0, L_0x55eff46b77c0;  1 drivers
v0x55eff4695990_0 .net "in1", 0 0, L_0x55eff46b7020;  alias, 1 drivers
v0x55eff4695a50_0 .net "in2", 0 0, L_0x55eff46b9af0;  alias, 1 drivers
v0x55eff4695b20_0 .net "out", 0 0, L_0x55eff46b78c0;  alias, 1 drivers
S_0x55eff4695c60 .scope module, "na3" "nand2" 6 17, 7 1 0, S_0x55eff4694e50;
 .timescale 0 0;
    .port_info 0 /INPUT 1 "in1";
    .port_info 1 /INPUT 1 "in2";
    .port_info 2 /OUTPUT 1 "out";
L_0x55eff46b7950 .functor AND 1, L_0x55eff46b7750, L_0x55eff46b78c0, C4<1>, C4<1>;
L_0x55eff46b7b00 .functor NOT 1, L_0x55eff46b7950, C4<0>, C4<0>, C4<0>;
v0x55eff4695ec0_0 .net *"_ivl_0", 0 0, L_0x55eff46b7950;  1 drivers
v0x55eff4695fa0_0 .net "in1", 0 0, L_0x55eff46b7750;  alias, 1 drivers
v0x55eff4696090_0 .net "in2", 0 0, L_0x55eff46b78c0;  alias, 1 drivers
v0x55eff4696190_0 .net "out", 0 0, L_0x55eff46b7b00;  alias, 1 drivers
S_0x55eff4696250 .scope module, "xor_int" "xor2" 6 11, 8 1 0, S_0x55eff4694e50;
 .timescale 0 0;
    .port_info 0 /INPUT 1 "in1";
    .port_info 1 /INPUT 1 "in2";
    .port_info 2 /OUTPUT 1 "out";
L_0x55eff46b7020 .functor XOR 1, L_0x55eff46b93f0, L_0x55eff46b9700, C4<0>, C4<0>;
v0x55eff4696480_0 .net "in1", 0 0, L_0x55eff46b93f0;  alias, 1 drivers
v0x55eff4696570_0 .net "in2", 0 0, L_0x55eff46b9700;  alias, 1 drivers
v0x55eff4696640_0 .net "out", 0 0, L_0x55eff46b7020;  alias, 1 drivers
S_0x55eff4696740 .scope module, "xor_sum" "xor2" 6 12, 8 1 0, S_0x55eff4694e50;
 .timescale 0 0;
    .port_info 0 /INPUT 1 "in1";
    .port_info 1 /INPUT 1 "in2";
    .port_info 2 /OUTPUT 1 "out";
L_0x55eff46b7550 .functor XOR 1, L_0x55eff46b7020, L_0x55eff46b9af0, C4<0>, C4<0>;
v0x55eff46969c0_0 .net "in1", 0 0, L_0x55eff46b7020;  alias, 1 drivers
v0x55eff4696ad0_0 .net "in2", 0 0, L_0x55eff46b9af0;  alias, 1 drivers
v0x55eff4696b90_0 .net "out", 0 0, L_0x55eff46b7550;  alias, 1 drivers
S_0x55eff4697390 .scope module, "adders[1]" "fulladder1" 5 10, 6 1 0, S_0x55eff4694c30;
 .timescale 0 0;
    .port_info 0 /INPUT 1 "A";
    .port_info 1 /INPUT 1 "B";
    .port_info 2 /INPUT 1 "Cin";
    .port_info 3 /OUTPUT 1 "S";
    .port_info 4 /OUTPUT 1 "Cout";
v0x55eff4699180_0 .net "A", 0 0, L_0x55eff46b9490;  1 drivers
v0x55eff4699270_0 .net "B", 0 0, L_0x55eff46b97a0;  1 drivers
v0x55eff4699380_0 .net "Cin", 0 0, L_0x55eff46b9bf0;  1 drivers
v0x55eff4699470_0 .net "Cout", 0 0, L_0x55eff46b8320;  1 drivers
v0x55eff4699510_0 .net "S", 0 0, L_0x55eff46b7cd0;  1 drivers
v0x55eff4699600_0 .net "not_ab_ovf", 0 0, L_0x55eff46b7f30;  1 drivers
v0x55eff46996f0_0 .net "not_cin_ovf", 0 0, L_0x55eff46b80e0;  1 drivers
v0x55eff46997e0_0 .net "sum_ab", 0 0, L_0x55eff46b7b90;  1 drivers
S_0x55eff46975b0 .scope module, "na1" "nand2" 6 15, 7 1 0, S_0x55eff4697390;
 .timescale 0 0;
    .port_info 0 /INPUT 1 "in1";
    .port_info 1 /INPUT 1 "in2";
    .port_info 2 /OUTPUT 1 "out";
L_0x55eff46b7d80 .functor AND 1, L_0x55eff46b9490, L_0x55eff46b97a0, C4<1>, C4<1>;
L_0x55eff46b7f30 .functor NOT 1, L_0x55eff46b7d80, C4<0>, C4<0>, C4<0>;
v0x55eff4697800_0 .net *"_ivl_0", 0 0, L_0x55eff46b7d80;  1 drivers
v0x55eff4697900_0 .net "in1", 0 0, L_0x55eff46b9490;  alias, 1 drivers
v0x55eff46979c0_0 .net "in2", 0 0, L_0x55eff46b97a0;  alias, 1 drivers
v0x55eff4697a60_0 .net "out", 0 0, L_0x55eff46b7f30;  alias, 1 drivers
S_0x55eff4697ba0 .scope module, "na2" "nand2" 6 16, 7 1 0, S_0x55eff4697390;
 .timescale 0 0;
    .port_info 0 /INPUT 1 "in1";
    .port_info 1 /INPUT 1 "in2";
    .port_info 2 /OUTPUT 1 "out";
L_0x55eff46b7fc0 .functor AND 1, L_0x55eff46b7b90, L_0x55eff46b9bf0, C4<1>, C4<1>;
L_0x55eff46b80e0 .functor NOT 1, L_0x55eff46b7fc0, C4<0>, C4<0>, C4<0>;
v0x55eff4697dd0_0 .net *"_ivl_0", 0 0, L_0x55eff46b7fc0;  1 drivers
v0x55eff4697ed0_0 .net "in1", 0 0, L_0x55eff46b7b90;  alias, 1 drivers
v0x55eff4697f90_0 .net "in2", 0 0, L_0x55eff46b9bf0;  alias, 1 drivers
v0x55eff4698030_0 .net "out", 0 0, L_0x55eff46b80e0;  alias, 1 drivers
S_0x55eff4698170 .scope module, "na3" "nand2" 6 17, 7 1 0, S_0x55eff4697390;
 .timescale 0 0;
    .port_info 0 /INPUT 1 "in1";
    .port_info 1 /INPUT 1 "in2";
    .port_info 2 /OUTPUT 1 "out";
L_0x55eff46b8170 .functor AND 1, L_0x55eff46b7f30, L_0x55eff46b80e0, C4<1>, C4<1>;
L_0x55eff46b8320 .functor NOT 1, L_0x55eff46b8170, C4<0>, C4<0>, C4<0>;
v0x55eff46983d0_0 .net *"_ivl_0", 0 0, L_0x55eff46b8170;  1 drivers
v0x55eff46984b0_0 .net "in1", 0 0, L_0x55eff46b7f30;  alias, 1 drivers
v0x55eff46985a0_0 .net "in2", 0 0, L_0x55eff46b80e0;  alias, 1 drivers
v0x55eff46986a0_0 .net "out", 0 0, L_0x55eff46b8320;  alias, 1 drivers
S_0x55eff4698760 .scope module, "xor_int" "xor2" 6 11, 8 1 0, S_0x55eff4697390;
 .timescale 0 0;
    .port_info 0 /INPUT 1 "in1";
    .port_info 1 /INPUT 1 "in2";
    .port_info 2 /OUTPUT 1 "out";
L_0x55eff46b7b90 .functor XOR 1, L_0x55eff46b9490, L_0x55eff46b97a0, C4<0>, C4<0>;
v0x55eff4698990_0 .net "in1", 0 0, L_0x55eff46b9490;  alias, 1 drivers
v0x55eff4698a80_0 .net "in2", 0 0, L_0x55eff46b97a0;  alias, 1 drivers
v0x55eff4698b50_0 .net "out", 0 0, L_0x55eff46b7b90;  alias, 1 drivers
S_0x55eff4698c50 .scope module, "xor_sum" "xor2" 6 12, 8 1 0, S_0x55eff4697390;
 .timescale 0 0;
    .port_info 0 /INPUT 1 "in1";
    .port_info 1 /INPUT 1 "in2";
    .port_info 2 /OUTPUT 1 "out";
L_0x55eff46b7cd0 .functor XOR 1, L_0x55eff46b7b90, L_0x55eff46b9bf0, C4<0>, C4<0>;
v0x55eff4698ed0_0 .net "in1", 0 0, L_0x55eff46b7b90;  alias, 1 drivers
v0x55eff4698fe0_0 .net "in2", 0 0, L_0x55eff46b9bf0;  alias, 1 drivers
v0x55eff46990a0_0 .net "out", 0 0, L_0x55eff46b7cd0;  alias, 1 drivers
S_0x55eff46998a0 .scope module, "adders[2]" "fulladder1" 5 10, 6 1 0, S_0x55eff4694c30;
 .timescale 0 0;
    .port_info 0 /INPUT 1 "A";
    .port_info 1 /INPUT 1 "B";
    .port_info 2 /INPUT 1 "Cin";
    .port_info 3 /OUTPUT 1 "S";
    .port_info 4 /OUTPUT 1 "Cout";
v0x55eff469b720_0 .net "A", 0 0, L_0x55eff46b9530;  1 drivers
v0x55eff469b810_0 .net "B", 0 0, L_0x55eff46b9880;  1 drivers
v0x55eff469b920_0 .net "Cin", 0 0, L_0x55eff46b9c90;  1 drivers
v0x55eff469ba10_0 .net "Cout", 0 0, L_0x55eff46b8b40;  1 drivers
v0x55eff469bab0_0 .net "S", 0 0, L_0x55eff46b84f0;  1 drivers
v0x55eff469bba0_0 .net "not_ab_ovf", 0 0, L_0x55eff46b8750;  1 drivers
v0x55eff469bc90_0 .net "not_cin_ovf", 0 0, L_0x55eff46b8900;  1 drivers
v0x55eff469bd80_0 .net "sum_ab", 0 0, L_0x55eff46b83b0;  1 drivers
S_0x55eff4699b20 .scope module, "na1" "nand2" 6 15, 7 1 0, S_0x55eff46998a0;
 .timescale 0 0;
    .port_info 0 /INPUT 1 "in1";
    .port_info 1 /INPUT 1 "in2";
    .port_info 2 /OUTPUT 1 "out";
L_0x55eff46b85a0 .functor AND 1, L_0x55eff46b9530, L_0x55eff46b9880, C4<1>, C4<1>;
L_0x55eff46b8750 .functor NOT 1, L_0x55eff46b85a0, C4<0>, C4<0>, C4<0>;
v0x55eff4699d70_0 .net *"_ivl_0", 0 0, L_0x55eff46b85a0;  1 drivers
v0x55eff4699e70_0 .net "in1", 0 0, L_0x55eff46b9530;  alias, 1 drivers
v0x55eff4699f30_0 .net "in2", 0 0, L_0x55eff46b9880;  alias, 1 drivers
v0x55eff4699fd0_0 .net "out", 0 0, L_0x55eff46b8750;  alias, 1 drivers
S_0x55eff469a110 .scope module, "na2" "nand2" 6 16, 7 1 0, S_0x55eff46998a0;
 .timescale 0 0;
    .port_info 0 /INPUT 1 "in1";
    .port_info 1 /INPUT 1 "in2";
    .port_info 2 /OUTPUT 1 "out";
L_0x55eff46b87e0 .functor AND 1, L_0x55eff46b83b0, L_0x55eff46b9c90, C4<1>, C4<1>;
L_0x55eff46b8900 .functor NOT 1, L_0x55eff46b87e0, C4<0>, C4<0>, C4<0>;
v0x55eff469a340_0 .net *"_ivl_0", 0 0, L_0x55eff46b87e0;  1 drivers
v0x55eff469a440_0 .net "in1", 0 0, L_0x55eff46b83b0;  alias, 1 drivers
v0x55eff469a500_0 .net "in2", 0 0, L_0x55eff46b9c90;  alias, 1 drivers
v0x55eff469a5d0_0 .net "out", 0 0, L_0x55eff46b8900;  alias, 1 drivers
S_0x55eff469a710 .scope module, "na3" "nand2" 6 17, 7 1 0, S_0x55eff46998a0;
 .timescale 0 0;
    .port_info 0 /INPUT 1 "in1";
    .port_info 1 /INPUT 1 "in2";
    .port_info 2 /OUTPUT 1 "out";
L_0x55eff46b8990 .functor AND 1, L_0x55eff46b8750, L_0x55eff46b8900, C4<1>, C4<1>;
L_0x55eff46b8b40 .functor NOT 1, L_0x55eff46b8990, C4<0>, C4<0>, C4<0>;
v0x55eff469a970_0 .net *"_ivl_0", 0 0, L_0x55eff46b8990;  1 drivers
v0x55eff469aa50_0 .net "in1", 0 0, L_0x55eff46b8750;  alias, 1 drivers
v0x55eff469ab40_0 .net "in2", 0 0, L_0x55eff46b8900;  alias, 1 drivers
v0x55eff469ac40_0 .net "out", 0 0, L_0x55eff46b8b40;  alias, 1 drivers
S_0x55eff469ad00 .scope module, "xor_int" "xor2" 6 11, 8 1 0, S_0x55eff46998a0;
 .timescale 0 0;
    .port_info 0 /INPUT 1 "in1";
    .port_info 1 /INPUT 1 "in2";
    .port_info 2 /OUTPUT 1 "out";
L_0x55eff46b83b0 .functor XOR 1, L_0x55eff46b9530, L_0x55eff46b9880, C4<0>, C4<0>;
v0x55eff469af30_0 .net "in1", 0 0, L_0x55eff46b9530;  alias, 1 drivers
v0x55eff469b020_0 .net "in2", 0 0, L_0x55eff46b9880;  alias, 1 drivers
v0x55eff469b0f0_0 .net "out", 0 0, L_0x55eff46b83b0;  alias, 1 drivers
S_0x55eff469b1f0 .scope module, "xor_sum" "xor2" 6 12, 8 1 0, S_0x55eff46998a0;
 .timescale 0 0;
    .port_info 0 /INPUT 1 "in1";
    .port_info 1 /INPUT 1 "in2";
    .port_info 2 /OUTPUT 1 "out";
L_0x55eff46b84f0 .functor XOR 1, L_0x55eff46b83b0, L_0x55eff46b9c90, C4<0>, C4<0>;
v0x55eff469b470_0 .net "in1", 0 0, L_0x55eff46b83b0;  alias, 1 drivers
v0x55eff469b580_0 .net "in2", 0 0, L_0x55eff46b9c90;  alias, 1 drivers
v0x55eff469b640_0 .net "out", 0 0, L_0x55eff46b84f0;  alias, 1 drivers
S_0x55eff469be40 .scope module, "adders[3]" "fulladder1" 5 10, 6 1 0, S_0x55eff4694c30;
 .timescale 0 0;
    .port_info 0 /INPUT 1 "A";
    .port_info 1 /INPUT 1 "B";
    .port_info 2 /INPUT 1 "Cin";
    .port_info 3 /OUTPUT 1 "S";
    .port_info 4 /OUTPUT 1 "Cout";
v0x55eff469dcb0_0 .net "A", 0 0, L_0x55eff46b95d0;  1 drivers
v0x55eff469dda0_0 .net "B", 0 0, L_0x55eff46b9920;  1 drivers
v0x55eff469deb0_0 .net "Cin", 0 0, L_0x55eff46b9e30;  1 drivers
v0x55eff469dfa0_0 .net "Cout", 0 0, L_0x55eff46b9360;  1 drivers
v0x55eff469e040_0 .net "S", 0 0, L_0x55eff46b8d10;  1 drivers
v0x55eff469e130_0 .net "not_ab_ovf", 0 0, L_0x55eff46b8f70;  1 drivers
v0x55eff469e220_0 .net "not_cin_ovf", 0 0, L_0x55eff46b9120;  1 drivers
v0x55eff469e310_0 .net "sum_ab", 0 0, L_0x55eff46b8bd0;  1 drivers
S_0x55eff469c0c0 .scope module, "na1" "nand2" 6 15, 7 1 0, S_0x55eff469be40;
 .timescale 0 0;
    .port_info 0 /INPUT 1 "in1";
    .port_info 1 /INPUT 1 "in2";
    .port_info 2 /OUTPUT 1 "out";
L_0x55eff46b8dc0 .functor AND 1, L_0x55eff46b95d0, L_0x55eff46b9920, C4<1>, C4<1>;
L_0x55eff46b8f70 .functor NOT 1, L_0x55eff46b8dc0, C4<0>, C4<0>, C4<0>;
v0x55eff469c330_0 .net *"_ivl_0", 0 0, L_0x55eff46b8dc0;  1 drivers
v0x55eff469c430_0 .net "in1", 0 0, L_0x55eff46b95d0;  alias, 1 drivers
v0x55eff469c4f0_0 .net "in2", 0 0, L_0x55eff46b9920;  alias, 1 drivers
v0x55eff469c590_0 .net "out", 0 0, L_0x55eff46b8f70;  alias, 1 drivers
S_0x55eff469c6d0 .scope module, "na2" "nand2" 6 16, 7 1 0, S_0x55eff469be40;
 .timescale 0 0;
    .port_info 0 /INPUT 1 "in1";
    .port_info 1 /INPUT 1 "in2";
    .port_info 2 /OUTPUT 1 "out";
L_0x55eff46b9000 .functor AND 1, L_0x55eff46b8bd0, L_0x55eff46b9e30, C4<1>, C4<1>;
L_0x55eff46b9120 .functor NOT 1, L_0x55eff46b9000, C4<0>, C4<0>, C4<0>;
v0x55eff469c900_0 .net *"_ivl_0", 0 0, L_0x55eff46b9000;  1 drivers
v0x55eff469ca00_0 .net "in1", 0 0, L_0x55eff46b8bd0;  alias, 1 drivers
v0x55eff469cac0_0 .net "in2", 0 0, L_0x55eff46b9e30;  alias, 1 drivers
v0x55eff469cb60_0 .net "out", 0 0, L_0x55eff46b9120;  alias, 1 drivers
S_0x55eff469cca0 .scope module, "na3" "nand2" 6 17, 7 1 0, S_0x55eff469be40;
 .timescale 0 0;
    .port_info 0 /INPUT 1 "in1";
    .port_info 1 /INPUT 1 "in2";
    .port_info 2 /OUTPUT 1 "out";
L_0x55eff46b91b0 .functor AND 1, L_0x55eff46b8f70, L_0x55eff46b9120, C4<1>, C4<1>;
L_0x55eff46b9360 .functor NOT 1, L_0x55eff46b91b0, C4<0>, C4<0>, C4<0>;
v0x55eff469cf00_0 .net *"_ivl_0", 0 0, L_0x55eff46b91b0;  1 drivers
v0x55eff469cfe0_0 .net "in1", 0 0, L_0x55eff46b8f70;  alias, 1 drivers
v0x55eff469d0d0_0 .net "in2", 0 0, L_0x55eff46b9120;  alias, 1 drivers
v0x55eff469d1d0_0 .net "out", 0 0, L_0x55eff46b9360;  alias, 1 drivers
S_0x55eff469d290 .scope module, "xor_int" "xor2" 6 11, 8 1 0, S_0x55eff469be40;
 .timescale 0 0;
    .port_info 0 /INPUT 1 "in1";
    .port_info 1 /INPUT 1 "in2";
    .port_info 2 /OUTPUT 1 "out";
L_0x55eff46b8bd0 .functor XOR 1, L_0x55eff46b95d0, L_0x55eff46b9920, C4<0>, C4<0>;
v0x55eff469d4c0_0 .net "in1", 0 0, L_0x55eff46b95d0;  alias, 1 drivers
v0x55eff469d5b0_0 .net "in2", 0 0, L_0x55eff46b9920;  alias, 1 drivers
v0x55eff469d680_0 .net "out", 0 0, L_0x55eff46b8bd0;  alias, 1 drivers
S_0x55eff469d780 .scope module, "xor_sum" "xor2" 6 12, 8 1 0, S_0x55eff469be40;
 .timescale 0 0;
    .port_info 0 /INPUT 1 "in1";
    .port_info 1 /INPUT 1 "in2";
    .port_info 2 /OUTPUT 1 "out";
L_0x55eff46b8d10 .functor XOR 1, L_0x55eff46b8bd0, L_0x55eff46b9e30, C4<0>, C4<0>;
v0x55eff469da00_0 .net "in1", 0 0, L_0x55eff46b8bd0;  alias, 1 drivers
v0x55eff469db10_0 .net "in2", 0 0, L_0x55eff46b9e30;  alias, 1 drivers
v0x55eff469dbd0_0 .net "out", 0 0, L_0x55eff46b8d10;  alias, 1 drivers
S_0x55eff469eb80 .scope module, "adders[2]" "fulladder4" 4 8, 5 1 0, S_0x55eff466cc60;
 .timescale 0 0;
    .port_info 0 /INPUT 4 "A";
    .port_info 1 /INPUT 4 "B";
    .port_info 2 /INPUT 1 "Cin";
    .port_info 3 /OUTPUT 4 "S";
    .port_info 4 /OUTPUT 1 "Cout";
v0x55eff46a84b0_0 .net "A", 3 0, L_0x55eff46bfee0;  1 drivers
v0x55eff46a85b0_0 .net "B", 3 0, L_0x55eff46c0230;  1 drivers
v0x55eff46a8690_0 .net "Cin", 0 0, L_0x55eff46c0640;  1 drivers
v0x55eff46a8730_0 .net "Cout", 0 0, L_0x55eff46bcd90;  1 drivers
v0x55eff46a87f0_0 .net "S", 3 0, L_0x55eff46bcc70;  1 drivers
v0x55eff46a8920_0 .net *"_ivl_15", 3 0, L_0x55eff46bcf60;  1 drivers
v0x55eff46a8a00_0 .net *"_ivl_8", 3 0, L_0x55eff46bc7f0;  1 drivers
v0x55eff46a8ae0_0 .net "carries", 2 0, L_0x55eff46bce30;  1 drivers
L_0x55eff46bc190 .part L_0x55eff46bfee0, 0, 1;
L_0x55eff46bc230 .part L_0x55eff46bfee0, 1, 1;
L_0x55eff46bc2d0 .part L_0x55eff46bfee0, 2, 1;
L_0x55eff46bc370 .part L_0x55eff46bfee0, 3, 1;
L_0x55eff46bc4a0 .part L_0x55eff46c0230, 0, 1;
L_0x55eff46bc540 .part L_0x55eff46c0230, 1, 1;
L_0x55eff46bc620 .part L_0x55eff46c0230, 2, 1;
L_0x55eff46bc6c0 .part L_0x55eff46c0230, 3, 1;
L_0x55eff46bc7f0 .concat [ 1 3 0 0], L_0x55eff46c0640, L_0x55eff46bce30;
L_0x55eff46bc890 .part L_0x55eff46bc7f0, 0, 1;
L_0x55eff46bc990 .part L_0x55eff46bc7f0, 1, 1;
L_0x55eff46bca30 .part L_0x55eff46bc7f0, 2, 1;
L_0x55eff46bcbd0 .part L_0x55eff46bc7f0, 3, 1;
L_0x55eff46bcc70 .concat [ 1 1 1 1], L_0x55eff46ba2f0, L_0x55eff46baa70, L_0x55eff46bb290, L_0x55eff46bbab0;
L_0x55eff46bcd90 .part L_0x55eff46bcf60, 3, 1;
L_0x55eff46bce30 .part L_0x55eff46bcf60, 0, 3;
L_0x55eff46bcf60 .concat [ 1 1 1 1], L_0x55eff46ba8a0, L_0x55eff46bb0c0, L_0x55eff46bb8e0, L_0x55eff46bc100;
S_0x55eff469ee00 .scope module, "adders[0]" "fulladder1" 5 10, 6 1 0, S_0x55eff469eb80;
 .timescale 0 0;
    .port_info 0 /INPUT 1 "A";
    .port_info 1 /INPUT 1 "B";
    .port_info 2 /INPUT 1 "Cin";
    .port_info 3 /OUTPUT 1 "S";
    .port_info 4 /OUTPUT 1 "Cout";
v0x55eff46a0cd0_0 .net "A", 0 0, L_0x55eff46bc190;  1 drivers
v0x55eff46a0dc0_0 .net "B", 0 0, L_0x55eff46bc4a0;  1 drivers
v0x55eff46a0ed0_0 .net "Cin", 0 0, L_0x55eff46bc890;  1 drivers
v0x55eff46a0fc0_0 .net "Cout", 0 0, L_0x55eff46ba8a0;  1 drivers
v0x55eff46a1060_0 .net "S", 0 0, L_0x55eff46ba2f0;  1 drivers
v0x55eff46a1150_0 .net "not_ab_ovf", 0 0, L_0x55eff46ba4f0;  1 drivers
v0x55eff46a1240_0 .net "not_cin_ovf", 0 0, L_0x55eff46ba660;  1 drivers
v0x55eff46a1330_0 .net "sum_ab", 0 0, L_0x55eff46b9dc0;  1 drivers
S_0x55eff469f080 .scope module, "na1" "nand2" 6 15, 7 1 0, S_0x55eff469ee00;
 .timescale 0 0;
    .port_info 0 /INPUT 1 "in1";
    .port_info 1 /INPUT 1 "in2";
    .port_info 2 /OUTPUT 1 "out";
L_0x55eff46ba360 .functor AND 1, L_0x55eff46bc190, L_0x55eff46bc4a0, C4<1>, C4<1>;
L_0x55eff46ba4f0 .functor NOT 1, L_0x55eff46ba360, C4<0>, C4<0>, C4<0>;
v0x55eff469f2f0_0 .net *"_ivl_0", 0 0, L_0x55eff46ba360;  1 drivers
v0x55eff469f3f0_0 .net "in1", 0 0, L_0x55eff46bc190;  alias, 1 drivers
v0x55eff469f4b0_0 .net "in2", 0 0, L_0x55eff46bc4a0;  alias, 1 drivers
v0x55eff469f580_0 .net "out", 0 0, L_0x55eff46ba4f0;  alias, 1 drivers
S_0x55eff469f6c0 .scope module, "na2" "nand2" 6 16, 7 1 0, S_0x55eff469ee00;
 .timescale 0 0;
    .port_info 0 /INPUT 1 "in1";
    .port_info 1 /INPUT 1 "in2";
    .port_info 2 /OUTPUT 1 "out";
L_0x55eff46ba560 .functor AND 1, L_0x55eff46b9dc0, L_0x55eff46bc890, C4<1>, C4<1>;
L_0x55eff46ba660 .functor NOT 1, L_0x55eff46ba560, C4<0>, C4<0>, C4<0>;
v0x55eff469f8f0_0 .net *"_ivl_0", 0 0, L_0x55eff46ba560;  1 drivers
v0x55eff469f9f0_0 .net "in1", 0 0, L_0x55eff46b9dc0;  alias, 1 drivers
v0x55eff469fab0_0 .net "in2", 0 0, L_0x55eff46bc890;  alias, 1 drivers
v0x55eff469fb80_0 .net "out", 0 0, L_0x55eff46ba660;  alias, 1 drivers
S_0x55eff469fcc0 .scope module, "na3" "nand2" 6 17, 7 1 0, S_0x55eff469ee00;
 .timescale 0 0;
    .port_info 0 /INPUT 1 "in1";
    .port_info 1 /INPUT 1 "in2";
    .port_info 2 /OUTPUT 1 "out";
L_0x55eff46ba6f0 .functor AND 1, L_0x55eff46ba4f0, L_0x55eff46ba660, C4<1>, C4<1>;
L_0x55eff46ba8a0 .functor NOT 1, L_0x55eff46ba6f0, C4<0>, C4<0>, C4<0>;
v0x55eff469ff20_0 .net *"_ivl_0", 0 0, L_0x55eff46ba6f0;  1 drivers
v0x55eff46a0000_0 .net "in1", 0 0, L_0x55eff46ba4f0;  alias, 1 drivers
v0x55eff46a00f0_0 .net "in2", 0 0, L_0x55eff46ba660;  alias, 1 drivers
v0x55eff46a01f0_0 .net "out", 0 0, L_0x55eff46ba8a0;  alias, 1 drivers
S_0x55eff46a02b0 .scope module, "xor_int" "xor2" 6 11, 8 1 0, S_0x55eff469ee00;
 .timescale 0 0;
    .port_info 0 /INPUT 1 "in1";
    .port_info 1 /INPUT 1 "in2";
    .port_info 2 /OUTPUT 1 "out";
L_0x55eff46b9dc0 .functor XOR 1, L_0x55eff46bc190, L_0x55eff46bc4a0, C4<0>, C4<0>;
v0x55eff46a04e0_0 .net "in1", 0 0, L_0x55eff46bc190;  alias, 1 drivers
v0x55eff46a05d0_0 .net "in2", 0 0, L_0x55eff46bc4a0;  alias, 1 drivers
v0x55eff46a06a0_0 .net "out", 0 0, L_0x55eff46b9dc0;  alias, 1 drivers
S_0x55eff46a07a0 .scope module, "xor_sum" "xor2" 6 12, 8 1 0, S_0x55eff469ee00;
 .timescale 0 0;
    .port_info 0 /INPUT 1 "in1";
    .port_info 1 /INPUT 1 "in2";
    .port_info 2 /OUTPUT 1 "out";
L_0x55eff46ba2f0 .functor XOR 1, L_0x55eff46b9dc0, L_0x55eff46bc890, C4<0>, C4<0>;
v0x55eff46a0a20_0 .net "in1", 0 0, L_0x55eff46b9dc0;  alias, 1 drivers
v0x55eff46a0b30_0 .net "in2", 0 0, L_0x55eff46bc890;  alias, 1 drivers
v0x55eff46a0bf0_0 .net "out", 0 0, L_0x55eff46ba2f0;  alias, 1 drivers
S_0x55eff46a13f0 .scope module, "adders[1]" "fulladder1" 5 10, 6 1 0, S_0x55eff469eb80;
 .timescale 0 0;
    .port_info 0 /INPUT 1 "A";
    .port_info 1 /INPUT 1 "B";
    .port_info 2 /INPUT 1 "Cin";
    .port_info 3 /OUTPUT 1 "S";
    .port_info 4 /OUTPUT 1 "Cout";
v0x55eff46a3260_0 .net "A", 0 0, L_0x55eff46bc230;  1 drivers
v0x55eff46a3350_0 .net "B", 0 0, L_0x55eff46bc540;  1 drivers
v0x55eff46a3460_0 .net "Cin", 0 0, L_0x55eff46bc990;  1 drivers
v0x55eff46a3550_0 .net "Cout", 0 0, L_0x55eff46bb0c0;  1 drivers
v0x55eff46a35f0_0 .net "S", 0 0, L_0x55eff46baa70;  1 drivers
v0x55eff46a36e0_0 .net "not_ab_ovf", 0 0, L_0x55eff46bacd0;  1 drivers
v0x55eff46a37d0_0 .net "not_cin_ovf", 0 0, L_0x55eff46bae80;  1 drivers
v0x55eff46a38c0_0 .net "sum_ab", 0 0, L_0x55eff46ba930;  1 drivers
S_0x55eff46a1690 .scope module, "na1" "nand2" 6 15, 7 1 0, S_0x55eff46a13f0;
 .timescale 0 0;
    .port_info 0 /INPUT 1 "in1";
    .port_info 1 /INPUT 1 "in2";
    .port_info 2 /OUTPUT 1 "out";
L_0x55eff46bab20 .functor AND 1, L_0x55eff46bc230, L_0x55eff46bc540, C4<1>, C4<1>;
L_0x55eff46bacd0 .functor NOT 1, L_0x55eff46bab20, C4<0>, C4<0>, C4<0>;
v0x55eff46a18e0_0 .net *"_ivl_0", 0 0, L_0x55eff46bab20;  1 drivers
v0x55eff46a19e0_0 .net "in1", 0 0, L_0x55eff46bc230;  alias, 1 drivers
v0x55eff46a1aa0_0 .net "in2", 0 0, L_0x55eff46bc540;  alias, 1 drivers
v0x55eff46a1b40_0 .net "out", 0 0, L_0x55eff46bacd0;  alias, 1 drivers
S_0x55eff46a1c80 .scope module, "na2" "nand2" 6 16, 7 1 0, S_0x55eff46a13f0;
 .timescale 0 0;
    .port_info 0 /INPUT 1 "in1";
    .port_info 1 /INPUT 1 "in2";
    .port_info 2 /OUTPUT 1 "out";
L_0x55eff46bad60 .functor AND 1, L_0x55eff46ba930, L_0x55eff46bc990, C4<1>, C4<1>;
L_0x55eff46bae80 .functor NOT 1, L_0x55eff46bad60, C4<0>, C4<0>, C4<0>;
v0x55eff46a1eb0_0 .net *"_ivl_0", 0 0, L_0x55eff46bad60;  1 drivers
v0x55eff46a1fb0_0 .net "in1", 0 0, L_0x55eff46ba930;  alias, 1 drivers
v0x55eff46a2070_0 .net "in2", 0 0, L_0x55eff46bc990;  alias, 1 drivers
v0x55eff46a2110_0 .net "out", 0 0, L_0x55eff46bae80;  alias, 1 drivers
S_0x55eff46a2250 .scope module, "na3" "nand2" 6 17, 7 1 0, S_0x55eff46a13f0;
 .timescale 0 0;
    .port_info 0 /INPUT 1 "in1";
    .port_info 1 /INPUT 1 "in2";
    .port_info 2 /OUTPUT 1 "out";
L_0x55eff46baf10 .functor AND 1, L_0x55eff46bacd0, L_0x55eff46bae80, C4<1>, C4<1>;
L_0x55eff46bb0c0 .functor NOT 1, L_0x55eff46baf10, C4<0>, C4<0>, C4<0>;
v0x55eff46a24b0_0 .net *"_ivl_0", 0 0, L_0x55eff46baf10;  1 drivers
v0x55eff46a2590_0 .net "in1", 0 0, L_0x55eff46bacd0;  alias, 1 drivers
v0x55eff46a2680_0 .net "in2", 0 0, L_0x55eff46bae80;  alias, 1 drivers
v0x55eff46a2780_0 .net "out", 0 0, L_0x55eff46bb0c0;  alias, 1 drivers
S_0x55eff46a2840 .scope module, "xor_int" "xor2" 6 11, 8 1 0, S_0x55eff46a13f0;
 .timescale 0 0;
    .port_info 0 /INPUT 1 "in1";
    .port_info 1 /INPUT 1 "in2";
    .port_info 2 /OUTPUT 1 "out";
L_0x55eff46ba930 .functor XOR 1, L_0x55eff46bc230, L_0x55eff46bc540, C4<0>, C4<0>;
v0x55eff46a2a70_0 .net "in1", 0 0, L_0x55eff46bc230;  alias, 1 drivers
v0x55eff46a2b60_0 .net "in2", 0 0, L_0x55eff46bc540;  alias, 1 drivers
v0x55eff46a2c30_0 .net "out", 0 0, L_0x55eff46ba930;  alias, 1 drivers
S_0x55eff46a2d30 .scope module, "xor_sum" "xor2" 6 12, 8 1 0, S_0x55eff46a13f0;
 .timescale 0 0;
    .port_info 0 /INPUT 1 "in1";
    .port_info 1 /INPUT 1 "in2";
    .port_info 2 /OUTPUT 1 "out";
L_0x55eff46baa70 .functor XOR 1, L_0x55eff46ba930, L_0x55eff46bc990, C4<0>, C4<0>;
v0x55eff46a2fb0_0 .net "in1", 0 0, L_0x55eff46ba930;  alias, 1 drivers
v0x55eff46a30c0_0 .net "in2", 0 0, L_0x55eff46bc990;  alias, 1 drivers
v0x55eff46a3180_0 .net "out", 0 0, L_0x55eff46baa70;  alias, 1 drivers
S_0x55eff46a3980 .scope module, "adders[2]" "fulladder1" 5 10, 6 1 0, S_0x55eff469eb80;
 .timescale 0 0;
    .port_info 0 /INPUT 1 "A";
    .port_info 1 /INPUT 1 "B";
    .port_info 2 /INPUT 1 "Cin";
    .port_info 3 /OUTPUT 1 "S";
    .port_info 4 /OUTPUT 1 "Cout";
v0x55eff46a5800_0 .net "A", 0 0, L_0x55eff46bc2d0;  1 drivers
v0x55eff46a58f0_0 .net "B", 0 0, L_0x55eff46bc620;  1 drivers
v0x55eff46a5a00_0 .net "Cin", 0 0, L_0x55eff46bca30;  1 drivers
v0x55eff46a5af0_0 .net "Cout", 0 0, L_0x55eff46bb8e0;  1 drivers
v0x55eff46a5b90_0 .net "S", 0 0, L_0x55eff46bb290;  1 drivers
v0x55eff46a5c80_0 .net "not_ab_ovf", 0 0, L_0x55eff46bb4f0;  1 drivers
v0x55eff46a5d70_0 .net "not_cin_ovf", 0 0, L_0x55eff46bb6a0;  1 drivers
v0x55eff46a5e60_0 .net "sum_ab", 0 0, L_0x55eff46bb150;  1 drivers
S_0x55eff46a3c00 .scope module, "na1" "nand2" 6 15, 7 1 0, S_0x55eff46a3980;
 .timescale 0 0;
    .port_info 0 /INPUT 1 "in1";
    .port_info 1 /INPUT 1 "in2";
    .port_info 2 /OUTPUT 1 "out";
L_0x55eff46bb340 .functor AND 1, L_0x55eff46bc2d0, L_0x55eff46bc620, C4<1>, C4<1>;
L_0x55eff46bb4f0 .functor NOT 1, L_0x55eff46bb340, C4<0>, C4<0>, C4<0>;
v0x55eff46a3e50_0 .net *"_ivl_0", 0 0, L_0x55eff46bb340;  1 drivers
v0x55eff46a3f50_0 .net "in1", 0 0, L_0x55eff46bc2d0;  alias, 1 drivers
v0x55eff46a4010_0 .net "in2", 0 0, L_0x55eff46bc620;  alias, 1 drivers
v0x55eff46a40b0_0 .net "out", 0 0, L_0x55eff46bb4f0;  alias, 1 drivers
S_0x55eff46a41f0 .scope module, "na2" "nand2" 6 16, 7 1 0, S_0x55eff46a3980;
 .timescale 0 0;
    .port_info 0 /INPUT 1 "in1";
    .port_info 1 /INPUT 1 "in2";
    .port_info 2 /OUTPUT 1 "out";
L_0x55eff46bb580 .functor AND 1, L_0x55eff46bb150, L_0x55eff46bca30, C4<1>, C4<1>;
L_0x55eff46bb6a0 .functor NOT 1, L_0x55eff46bb580, C4<0>, C4<0>, C4<0>;
v0x55eff46a4420_0 .net *"_ivl_0", 0 0, L_0x55eff46bb580;  1 drivers
v0x55eff46a4520_0 .net "in1", 0 0, L_0x55eff46bb150;  alias, 1 drivers
v0x55eff46a45e0_0 .net "in2", 0 0, L_0x55eff46bca30;  alias, 1 drivers
v0x55eff46a46b0_0 .net "out", 0 0, L_0x55eff46bb6a0;  alias, 1 drivers
S_0x55eff46a47f0 .scope module, "na3" "nand2" 6 17, 7 1 0, S_0x55eff46a3980;
 .timescale 0 0;
    .port_info 0 /INPUT 1 "in1";
    .port_info 1 /INPUT 1 "in2";
    .port_info 2 /OUTPUT 1 "out";
L_0x55eff46bb730 .functor AND 1, L_0x55eff46bb4f0, L_0x55eff46bb6a0, C4<1>, C4<1>;
L_0x55eff46bb8e0 .functor NOT 1, L_0x55eff46bb730, C4<0>, C4<0>, C4<0>;
v0x55eff46a4a50_0 .net *"_ivl_0", 0 0, L_0x55eff46bb730;  1 drivers
v0x55eff46a4b30_0 .net "in1", 0 0, L_0x55eff46bb4f0;  alias, 1 drivers
v0x55eff46a4c20_0 .net "in2", 0 0, L_0x55eff46bb6a0;  alias, 1 drivers
v0x55eff46a4d20_0 .net "out", 0 0, L_0x55eff46bb8e0;  alias, 1 drivers
S_0x55eff46a4de0 .scope module, "xor_int" "xor2" 6 11, 8 1 0, S_0x55eff46a3980;
 .timescale 0 0;
    .port_info 0 /INPUT 1 "in1";
    .port_info 1 /INPUT 1 "in2";
    .port_info 2 /OUTPUT 1 "out";
L_0x55eff46bb150 .functor XOR 1, L_0x55eff46bc2d0, L_0x55eff46bc620, C4<0>, C4<0>;
v0x55eff46a5010_0 .net "in1", 0 0, L_0x55eff46bc2d0;  alias, 1 drivers
v0x55eff46a5100_0 .net "in2", 0 0, L_0x55eff46bc620;  alias, 1 drivers
v0x55eff46a51d0_0 .net "out", 0 0, L_0x55eff46bb150;  alias, 1 drivers
S_0x55eff46a52d0 .scope module, "xor_sum" "xor2" 6 12, 8 1 0, S_0x55eff46a3980;
 .timescale 0 0;
    .port_info 0 /INPUT 1 "in1";
    .port_info 1 /INPUT 1 "in2";
    .port_info 2 /OUTPUT 1 "out";
L_0x55eff46bb290 .functor XOR 1, L_0x55eff46bb150, L_0x55eff46bca30, C4<0>, C4<0>;
v0x55eff46a5550_0 .net "in1", 0 0, L_0x55eff46bb150;  alias, 1 drivers
v0x55eff46a5660_0 .net "in2", 0 0, L_0x55eff46bca30;  alias, 1 drivers
v0x55eff46a5720_0 .net "out", 0 0, L_0x55eff46bb290;  alias, 1 drivers
S_0x55eff46a5f20 .scope module, "adders[3]" "fulladder1" 5 10, 6 1 0, S_0x55eff469eb80;
 .timescale 0 0;
    .port_info 0 /INPUT 1 "A";
    .port_info 1 /INPUT 1 "B";
    .port_info 2 /INPUT 1 "Cin";
    .port_info 3 /OUTPUT 1 "S";
    .port_info 4 /OUTPUT 1 "Cout";
v0x55eff46a7d90_0 .net "A", 0 0, L_0x55eff46bc370;  1 drivers
v0x55eff46a7e80_0 .net "B", 0 0, L_0x55eff46bc6c0;  1 drivers
v0x55eff46a7f90_0 .net "Cin", 0 0, L_0x55eff46bcbd0;  1 drivers
v0x55eff46a8080_0 .net "Cout", 0 0, L_0x55eff46bc100;  1 drivers
v0x55eff46a8120_0 .net "S", 0 0, L_0x55eff46bbab0;  1 drivers
v0x55eff46a8210_0 .net "not_ab_ovf", 0 0, L_0x55eff46bbd10;  1 drivers
v0x55eff46a8300_0 .net "not_cin_ovf", 0 0, L_0x55eff46bbec0;  1 drivers
v0x55eff46a83f0_0 .net "sum_ab", 0 0, L_0x55eff46bb970;  1 drivers
S_0x55eff46a61a0 .scope module, "na1" "nand2" 6 15, 7 1 0, S_0x55eff46a5f20;
 .timescale 0 0;
    .port_info 0 /INPUT 1 "in1";
    .port_info 1 /INPUT 1 "in2";
    .port_info 2 /OUTPUT 1 "out";
L_0x55eff46bbb60 .functor AND 1, L_0x55eff46bc370, L_0x55eff46bc6c0, C4<1>, C4<1>;
L_0x55eff46bbd10 .functor NOT 1, L_0x55eff46bbb60, C4<0>, C4<0>, C4<0>;
v0x55eff46a6410_0 .net *"_ivl_0", 0 0, L_0x55eff46bbb60;  1 drivers
v0x55eff46a6510_0 .net "in1", 0 0, L_0x55eff46bc370;  alias, 1 drivers
v0x55eff46a65d0_0 .net "in2", 0 0, L_0x55eff46bc6c0;  alias, 1 drivers
v0x55eff46a6670_0 .net "out", 0 0, L_0x55eff46bbd10;  alias, 1 drivers
S_0x55eff46a67b0 .scope module, "na2" "nand2" 6 16, 7 1 0, S_0x55eff46a5f20;
 .timescale 0 0;
    .port_info 0 /INPUT 1 "in1";
    .port_info 1 /INPUT 1 "in2";
    .port_info 2 /OUTPUT 1 "out";
L_0x55eff46bbda0 .functor AND 1, L_0x55eff46bb970, L_0x55eff46bcbd0, C4<1>, C4<1>;
L_0x55eff46bbec0 .functor NOT 1, L_0x55eff46bbda0, C4<0>, C4<0>, C4<0>;
v0x55eff46a69e0_0 .net *"_ivl_0", 0 0, L_0x55eff46bbda0;  1 drivers
v0x55eff46a6ae0_0 .net "in1", 0 0, L_0x55eff46bb970;  alias, 1 drivers
v0x55eff46a6ba0_0 .net "in2", 0 0, L_0x55eff46bcbd0;  alias, 1 drivers
v0x55eff46a6c40_0 .net "out", 0 0, L_0x55eff46bbec0;  alias, 1 drivers
S_0x55eff46a6d80 .scope module, "na3" "nand2" 6 17, 7 1 0, S_0x55eff46a5f20;
 .timescale 0 0;
    .port_info 0 /INPUT 1 "in1";
    .port_info 1 /INPUT 1 "in2";
    .port_info 2 /OUTPUT 1 "out";
L_0x55eff46bbf50 .functor AND 1, L_0x55eff46bbd10, L_0x55eff46bbec0, C4<1>, C4<1>;
L_0x55eff46bc100 .functor NOT 1, L_0x55eff46bbf50, C4<0>, C4<0>, C4<0>;
v0x55eff46a6fe0_0 .net *"_ivl_0", 0 0, L_0x55eff46bbf50;  1 drivers
v0x55eff46a70c0_0 .net "in1", 0 0, L_0x55eff46bbd10;  alias, 1 drivers
v0x55eff46a71b0_0 .net "in2", 0 0, L_0x55eff46bbec0;  alias, 1 drivers
v0x55eff46a72b0_0 .net "out", 0 0, L_0x55eff46bc100;  alias, 1 drivers
S_0x55eff46a7370 .scope module, "xor_int" "xor2" 6 11, 8 1 0, S_0x55eff46a5f20;
 .timescale 0 0;
    .port_info 0 /INPUT 1 "in1";
    .port_info 1 /INPUT 1 "in2";
    .port_info 2 /OUTPUT 1 "out";
L_0x55eff46bb970 .functor XOR 1, L_0x55eff46bc370, L_0x55eff46bc6c0, C4<0>, C4<0>;
v0x55eff46a75a0_0 .net "in1", 0 0, L_0x55eff46bc370;  alias, 1 drivers
v0x55eff46a7690_0 .net "in2", 0 0, L_0x55eff46bc6c0;  alias, 1 drivers
v0x55eff46a7760_0 .net "out", 0 0, L_0x55eff46bb970;  alias, 1 drivers
S_0x55eff46a7860 .scope module, "xor_sum" "xor2" 6 12, 8 1 0, S_0x55eff46a5f20;
 .timescale 0 0;
    .port_info 0 /INPUT 1 "in1";
    .port_info 1 /INPUT 1 "in2";
    .port_info 2 /OUTPUT 1 "out";
L_0x55eff46bbab0 .functor XOR 1, L_0x55eff46bb970, L_0x55eff46bcbd0, C4<0>, C4<0>;
v0x55eff46a7ae0_0 .net "in1", 0 0, L_0x55eff46bb970;  alias, 1 drivers
v0x55eff46a7bf0_0 .net "in2", 0 0, L_0x55eff46bcbd0;  alias, 1 drivers
v0x55eff46a7cb0_0 .net "out", 0 0, L_0x55eff46bbab0;  alias, 1 drivers
S_0x55eff46a8c60 .scope module, "adders[3]" "fulladder4" 4 8, 5 1 0, S_0x55eff466cc60;
 .timescale 0 0;
    .port_info 0 /INPUT 4 "A";
    .port_info 1 /INPUT 4 "B";
    .port_info 2 /INPUT 1 "Cin";
    .port_info 3 /OUTPUT 4 "S";
    .port_info 4 /OUTPUT 1 "Cout";
v0x55eff46b2580_0 .net "A", 3 0, L_0x55eff46bff80;  1 drivers
v0x55eff46b2680_0 .net "B", 3 0, L_0x55eff46c02d0;  1 drivers
v0x55eff46b2760_0 .net "Cin", 0 0, L_0x55eff46c07e0;  1 drivers
v0x55eff46b2800_0 .net "Cout", 0 0, L_0x55eff46bfb30;  1 drivers
v0x55eff46b28c0_0 .net "S", 3 0, L_0x55eff46bfa10;  1 drivers
v0x55eff46b29f0_0 .net *"_ivl_15", 3 0, L_0x55eff46bfd00;  1 drivers
v0x55eff46b2ad0_0 .net *"_ivl_8", 3 0, L_0x55eff46bf590;  1 drivers
v0x55eff46b2bb0_0 .net "carries", 2 0, L_0x55eff46bfbd0;  1 drivers
L_0x55eff46bef30 .part L_0x55eff46bff80, 0, 1;
L_0x55eff46befd0 .part L_0x55eff46bff80, 1, 1;
L_0x55eff46bf070 .part L_0x55eff46bff80, 2, 1;
L_0x55eff46bf110 .part L_0x55eff46bff80, 3, 1;
L_0x55eff46bf240 .part L_0x55eff46c02d0, 0, 1;
L_0x55eff46bf2e0 .part L_0x55eff46c02d0, 1, 1;
L_0x55eff46bf3c0 .part L_0x55eff46c02d0, 2, 1;
L_0x55eff46bf460 .part L_0x55eff46c02d0, 3, 1;
L_0x55eff46bf590 .concat [ 1 3 0 0], L_0x55eff46c07e0, L_0x55eff46bfbd0;
L_0x55eff46bf630 .part L_0x55eff46bf590, 0, 1;
L_0x55eff46bf730 .part L_0x55eff46bf590, 1, 1;
L_0x55eff46bf7d0 .part L_0x55eff46bf590, 2, 1;
L_0x55eff46bf970 .part L_0x55eff46bf590, 3, 1;
L_0x55eff46bfa10 .concat [ 1 1 1 1], L_0x55eff46bd090, L_0x55eff46bd810, L_0x55eff46be030, L_0x55eff46be850;
L_0x55eff46bfb30 .part L_0x55eff46bfd00, 3, 1;
L_0x55eff46bfbd0 .part L_0x55eff46bfd00, 0, 3;
L_0x55eff46bfd00 .concat [ 1 1 1 1], L_0x55eff46bd640, L_0x55eff46bde60, L_0x55eff46be680, L_0x55eff46beea0;
S_0x55eff46a8ee0 .scope module, "adders[0]" "fulladder1" 5 10, 6 1 0, S_0x55eff46a8c60;
 .timescale 0 0;
    .port_info 0 /INPUT 1 "A";
    .port_info 1 /INPUT 1 "B";
    .port_info 2 /INPUT 1 "Cin";
    .port_info 3 /OUTPUT 1 "S";
    .port_info 4 /OUTPUT 1 "Cout";
v0x55eff46aada0_0 .net "A", 0 0, L_0x55eff46bef30;  1 drivers
v0x55eff46aae90_0 .net "B", 0 0, L_0x55eff46bf240;  1 drivers
v0x55eff46aafa0_0 .net "Cin", 0 0, L_0x55eff46bf630;  1 drivers
v0x55eff46ab090_0 .net "Cout", 0 0, L_0x55eff46bd640;  1 drivers
v0x55eff46ab130_0 .net "S", 0 0, L_0x55eff46bd090;  1 drivers
v0x55eff46ab220_0 .net "not_ab_ovf", 0 0, L_0x55eff46bd290;  1 drivers
v0x55eff46ab310_0 .net "not_cin_ovf", 0 0, L_0x55eff46bd400;  1 drivers
v0x55eff46ab400_0 .net "sum_ab", 0 0, L_0x55eff46bcb60;  1 drivers
S_0x55eff46a9180 .scope module, "na1" "nand2" 6 15, 7 1 0, S_0x55eff46a8ee0;
 .timescale 0 0;
    .port_info 0 /INPUT 1 "in1";
    .port_info 1 /INPUT 1 "in2";
    .port_info 2 /OUTPUT 1 "out";
L_0x55eff46bd100 .functor AND 1, L_0x55eff46bef30, L_0x55eff46bf240, C4<1>, C4<1>;
L_0x55eff46bd290 .functor NOT 1, L_0x55eff46bd100, C4<0>, C4<0>, C4<0>;
v0x55eff46a93f0_0 .net *"_ivl_0", 0 0, L_0x55eff46bd100;  1 drivers
v0x55eff46a94f0_0 .net "in1", 0 0, L_0x55eff46bef30;  alias, 1 drivers
v0x55eff46a95b0_0 .net "in2", 0 0, L_0x55eff46bf240;  alias, 1 drivers
v0x55eff46a9650_0 .net "out", 0 0, L_0x55eff46bd290;  alias, 1 drivers
S_0x55eff46a9790 .scope module, "na2" "nand2" 6 16, 7 1 0, S_0x55eff46a8ee0;
 .timescale 0 0;
    .port_info 0 /INPUT 1 "in1";
    .port_info 1 /INPUT 1 "in2";
    .port_info 2 /OUTPUT 1 "out";
L_0x55eff46bd300 .functor AND 1, L_0x55eff46bcb60, L_0x55eff46bf630, C4<1>, C4<1>;
L_0x55eff46bd400 .functor NOT 1, L_0x55eff46bd300, C4<0>, C4<0>, C4<0>;
v0x55eff46a99c0_0 .net *"_ivl_0", 0 0, L_0x55eff46bd300;  1 drivers
v0x55eff46a9ac0_0 .net "in1", 0 0, L_0x55eff46bcb60;  alias, 1 drivers
v0x55eff46a9b80_0 .net "in2", 0 0, L_0x55eff46bf630;  alias, 1 drivers
v0x55eff46a9c50_0 .net "out", 0 0, L_0x55eff46bd400;  alias, 1 drivers
S_0x55eff46a9d90 .scope module, "na3" "nand2" 6 17, 7 1 0, S_0x55eff46a8ee0;
 .timescale 0 0;
    .port_info 0 /INPUT 1 "in1";
    .port_info 1 /INPUT 1 "in2";
    .port_info 2 /OUTPUT 1 "out";
L_0x55eff46bd490 .functor AND 1, L_0x55eff46bd290, L_0x55eff46bd400, C4<1>, C4<1>;
L_0x55eff46bd640 .functor NOT 1, L_0x55eff46bd490, C4<0>, C4<0>, C4<0>;
v0x55eff46a9ff0_0 .net *"_ivl_0", 0 0, L_0x55eff46bd490;  1 drivers
v0x55eff46aa0d0_0 .net "in1", 0 0, L_0x55eff46bd290;  alias, 1 drivers
v0x55eff46aa1c0_0 .net "in2", 0 0, L_0x55eff46bd400;  alias, 1 drivers
v0x55eff46aa2c0_0 .net "out", 0 0, L_0x55eff46bd640;  alias, 1 drivers
S_0x55eff46aa380 .scope module, "xor_int" "xor2" 6 11, 8 1 0, S_0x55eff46a8ee0;
 .timescale 0 0;
    .port_info 0 /INPUT 1 "in1";
    .port_info 1 /INPUT 1 "in2";
    .port_info 2 /OUTPUT 1 "out";
L_0x55eff46bcb60 .functor XOR 1, L_0x55eff46bef30, L_0x55eff46bf240, C4<0>, C4<0>;
v0x55eff46aa5b0_0 .net "in1", 0 0, L_0x55eff46bef30;  alias, 1 drivers
v0x55eff46aa6a0_0 .net "in2", 0 0, L_0x55eff46bf240;  alias, 1 drivers
v0x55eff46aa770_0 .net "out", 0 0, L_0x55eff46bcb60;  alias, 1 drivers
S_0x55eff46aa870 .scope module, "xor_sum" "xor2" 6 12, 8 1 0, S_0x55eff46a8ee0;
 .timescale 0 0;
    .port_info 0 /INPUT 1 "in1";
    .port_info 1 /INPUT 1 "in2";
    .port_info 2 /OUTPUT 1 "out";
L_0x55eff46bd090 .functor XOR 1, L_0x55eff46bcb60, L_0x55eff46bf630, C4<0>, C4<0>;
v0x55eff46aaaf0_0 .net "in1", 0 0, L_0x55eff46bcb60;  alias, 1 drivers
v0x55eff46aac00_0 .net "in2", 0 0, L_0x55eff46bf630;  alias, 1 drivers
v0x55eff46aacc0_0 .net "out", 0 0, L_0x55eff46bd090;  alias, 1 drivers
S_0x55eff46ab4c0 .scope module, "adders[1]" "fulladder1" 5 10, 6 1 0, S_0x55eff46a8c60;
 .timescale 0 0;
    .port_info 0 /INPUT 1 "A";
    .port_info 1 /INPUT 1 "B";
    .port_info 2 /INPUT 1 "Cin";
    .port_info 3 /OUTPUT 1 "S";
    .port_info 4 /OUTPUT 1 "Cout";
v0x55eff46ad330_0 .net "A", 0 0, L_0x55eff46befd0;  1 drivers
v0x55eff46ad420_0 .net "B", 0 0, L_0x55eff46bf2e0;  1 drivers
v0x55eff46ad530_0 .net "Cin", 0 0, L_0x55eff46bf730;  1 drivers
v0x55eff46ad620_0 .net "Cout", 0 0, L_0x55eff46bde60;  1 drivers
v0x55eff46ad6c0_0 .net "S", 0 0, L_0x55eff46bd810;  1 drivers
v0x55eff46ad7b0_0 .net "not_ab_ovf", 0 0, L_0x55eff46bda70;  1 drivers
v0x55eff46ad8a0_0 .net "not_cin_ovf", 0 0, L_0x55eff46bdc20;  1 drivers
v0x55eff46ad990_0 .net "sum_ab", 0 0, L_0x55eff46bd6d0;  1 drivers
S_0x55eff46ab760 .scope module, "na1" "nand2" 6 15, 7 1 0, S_0x55eff46ab4c0;
 .timescale 0 0;
    .port_info 0 /INPUT 1 "in1";
    .port_info 1 /INPUT 1 "in2";
    .port_info 2 /OUTPUT 1 "out";
L_0x55eff46bd8c0 .functor AND 1, L_0x55eff46befd0, L_0x55eff46bf2e0, C4<1>, C4<1>;
L_0x55eff46bda70 .functor NOT 1, L_0x55eff46bd8c0, C4<0>, C4<0>, C4<0>;
v0x55eff46ab9b0_0 .net *"_ivl_0", 0 0, L_0x55eff46bd8c0;  1 drivers
v0x55eff46abab0_0 .net "in1", 0 0, L_0x55eff46befd0;  alias, 1 drivers
v0x55eff46abb70_0 .net "in2", 0 0, L_0x55eff46bf2e0;  alias, 1 drivers
v0x55eff46abc10_0 .net "out", 0 0, L_0x55eff46bda70;  alias, 1 drivers
S_0x55eff46abd50 .scope module, "na2" "nand2" 6 16, 7 1 0, S_0x55eff46ab4c0;
 .timescale 0 0;
    .port_info 0 /INPUT 1 "in1";
    .port_info 1 /INPUT 1 "in2";
    .port_info 2 /OUTPUT 1 "out";
L_0x55eff46bdb00 .functor AND 1, L_0x55eff46bd6d0, L_0x55eff46bf730, C4<1>, C4<1>;
L_0x55eff46bdc20 .functor NOT 1, L_0x55eff46bdb00, C4<0>, C4<0>, C4<0>;
v0x55eff46abf80_0 .net *"_ivl_0", 0 0, L_0x55eff46bdb00;  1 drivers
v0x55eff46ac080_0 .net "in1", 0 0, L_0x55eff46bd6d0;  alias, 1 drivers
v0x55eff46ac140_0 .net "in2", 0 0, L_0x55eff46bf730;  alias, 1 drivers
v0x55eff46ac1e0_0 .net "out", 0 0, L_0x55eff46bdc20;  alias, 1 drivers
S_0x55eff46ac320 .scope module, "na3" "nand2" 6 17, 7 1 0, S_0x55eff46ab4c0;
 .timescale 0 0;
    .port_info 0 /INPUT 1 "in1";
    .port_info 1 /INPUT 1 "in2";
    .port_info 2 /OUTPUT 1 "out";
L_0x55eff46bdcb0 .functor AND 1, L_0x55eff46bda70, L_0x55eff46bdc20, C4<1>, C4<1>;
L_0x55eff46bde60 .functor NOT 1, L_0x55eff46bdcb0, C4<0>, C4<0>, C4<0>;
v0x55eff46ac580_0 .net *"_ivl_0", 0 0, L_0x55eff46bdcb0;  1 drivers
v0x55eff46ac660_0 .net "in1", 0 0, L_0x55eff46bda70;  alias, 1 drivers
v0x55eff46ac750_0 .net "in2", 0 0, L_0x55eff46bdc20;  alias, 1 drivers
v0x55eff46ac850_0 .net "out", 0 0, L_0x55eff46bde60;  alias, 1 drivers
S_0x55eff46ac910 .scope module, "xor_int" "xor2" 6 11, 8 1 0, S_0x55eff46ab4c0;
 .timescale 0 0;
    .port_info 0 /INPUT 1 "in1";
    .port_info 1 /INPUT 1 "in2";
    .port_info 2 /OUTPUT 1 "out";
L_0x55eff46bd6d0 .functor XOR 1, L_0x55eff46befd0, L_0x55eff46bf2e0, C4<0>, C4<0>;
v0x55eff46acb40_0 .net "in1", 0 0, L_0x55eff46befd0;  alias, 1 drivers
v0x55eff46acc30_0 .net "in2", 0 0, L_0x55eff46bf2e0;  alias, 1 drivers
v0x55eff46acd00_0 .net "out", 0 0, L_0x55eff46bd6d0;  alias, 1 drivers
S_0x55eff46ace00 .scope module, "xor_sum" "xor2" 6 12, 8 1 0, S_0x55eff46ab4c0;
 .timescale 0 0;
    .port_info 0 /INPUT 1 "in1";
    .port_info 1 /INPUT 1 "in2";
    .port_info 2 /OUTPUT 1 "out";
L_0x55eff46bd810 .functor XOR 1, L_0x55eff46bd6d0, L_0x55eff46bf730, C4<0>, C4<0>;
v0x55eff46ad080_0 .net "in1", 0 0, L_0x55eff46bd6d0;  alias, 1 drivers
v0x55eff46ad190_0 .net "in2", 0 0, L_0x55eff46bf730;  alias, 1 drivers
v0x55eff46ad250_0 .net "out", 0 0, L_0x55eff46bd810;  alias, 1 drivers
S_0x55eff46ada50 .scope module, "adders[2]" "fulladder1" 5 10, 6 1 0, S_0x55eff46a8c60;
 .timescale 0 0;
    .port_info 0 /INPUT 1 "A";
    .port_info 1 /INPUT 1 "B";
    .port_info 2 /INPUT 1 "Cin";
    .port_info 3 /OUTPUT 1 "S";
    .port_info 4 /OUTPUT 1 "Cout";
v0x55eff46af8d0_0 .net "A", 0 0, L_0x55eff46bf070;  1 drivers
v0x55eff46af9c0_0 .net "B", 0 0, L_0x55eff46bf3c0;  1 drivers
v0x55eff46afad0_0 .net "Cin", 0 0, L_0x55eff46bf7d0;  1 drivers
v0x55eff46afbc0_0 .net "Cout", 0 0, L_0x55eff46be680;  1 drivers
v0x55eff46afc60_0 .net "S", 0 0, L_0x55eff46be030;  1 drivers
v0x55eff46afd50_0 .net "not_ab_ovf", 0 0, L_0x55eff46be290;  1 drivers
v0x55eff46afe40_0 .net "not_cin_ovf", 0 0, L_0x55eff46be440;  1 drivers
v0x55eff46aff30_0 .net "sum_ab", 0 0, L_0x55eff46bdef0;  1 drivers
S_0x55eff46adcd0 .scope module, "na1" "nand2" 6 15, 7 1 0, S_0x55eff46ada50;
 .timescale 0 0;
    .port_info 0 /INPUT 1 "in1";
    .port_info 1 /INPUT 1 "in2";
    .port_info 2 /OUTPUT 1 "out";
L_0x55eff46be0e0 .functor AND 1, L_0x55eff46bf070, L_0x55eff46bf3c0, C4<1>, C4<1>;
L_0x55eff46be290 .functor NOT 1, L_0x55eff46be0e0, C4<0>, C4<0>, C4<0>;
v0x55eff46adf20_0 .net *"_ivl_0", 0 0, L_0x55eff46be0e0;  1 drivers
v0x55eff46ae020_0 .net "in1", 0 0, L_0x55eff46bf070;  alias, 1 drivers
v0x55eff46ae0e0_0 .net "in2", 0 0, L_0x55eff46bf3c0;  alias, 1 drivers
v0x55eff46ae180_0 .net "out", 0 0, L_0x55eff46be290;  alias, 1 drivers
S_0x55eff46ae2c0 .scope module, "na2" "nand2" 6 16, 7 1 0, S_0x55eff46ada50;
 .timescale 0 0;
    .port_info 0 /INPUT 1 "in1";
    .port_info 1 /INPUT 1 "in2";
    .port_info 2 /OUTPUT 1 "out";
L_0x55eff46be320 .functor AND 1, L_0x55eff46bdef0, L_0x55eff46bf7d0, C4<1>, C4<1>;
L_0x55eff46be440 .functor NOT 1, L_0x55eff46be320, C4<0>, C4<0>, C4<0>;
v0x55eff46ae4f0_0 .net *"_ivl_0", 0 0, L_0x55eff46be320;  1 drivers
v0x55eff46ae5f0_0 .net "in1", 0 0, L_0x55eff46bdef0;  alias, 1 drivers
v0x55eff46ae6b0_0 .net "in2", 0 0, L_0x55eff46bf7d0;  alias, 1 drivers
v0x55eff46ae780_0 .net "out", 0 0, L_0x55eff46be440;  alias, 1 drivers
S_0x55eff46ae8c0 .scope module, "na3" "nand2" 6 17, 7 1 0, S_0x55eff46ada50;
 .timescale 0 0;
    .port_info 0 /INPUT 1 "in1";
    .port_info 1 /INPUT 1 "in2";
    .port_info 2 /OUTPUT 1 "out";
L_0x55eff46be4d0 .functor AND 1, L_0x55eff46be290, L_0x55eff46be440, C4<1>, C4<1>;
L_0x55eff46be680 .functor NOT 1, L_0x55eff46be4d0, C4<0>, C4<0>, C4<0>;
v0x55eff46aeb20_0 .net *"_ivl_0", 0 0, L_0x55eff46be4d0;  1 drivers
v0x55eff46aec00_0 .net "in1", 0 0, L_0x55eff46be290;  alias, 1 drivers
v0x55eff46aecf0_0 .net "in2", 0 0, L_0x55eff46be440;  alias, 1 drivers
v0x55eff46aedf0_0 .net "out", 0 0, L_0x55eff46be680;  alias, 1 drivers
S_0x55eff46aeeb0 .scope module, "xor_int" "xor2" 6 11, 8 1 0, S_0x55eff46ada50;
 .timescale 0 0;
    .port_info 0 /INPUT 1 "in1";
    .port_info 1 /INPUT 1 "in2";
    .port_info 2 /OUTPUT 1 "out";
L_0x55eff46bdef0 .functor XOR 1, L_0x55eff46bf070, L_0x55eff46bf3c0, C4<0>, C4<0>;
v0x55eff46af0e0_0 .net "in1", 0 0, L_0x55eff46bf070;  alias, 1 drivers
v0x55eff46af1d0_0 .net "in2", 0 0, L_0x55eff46bf3c0;  alias, 1 drivers
v0x55eff46af2a0_0 .net "out", 0 0, L_0x55eff46bdef0;  alias, 1 drivers
S_0x55eff46af3a0 .scope module, "xor_sum" "xor2" 6 12, 8 1 0, S_0x55eff46ada50;
 .timescale 0 0;
    .port_info 0 /INPUT 1 "in1";
    .port_info 1 /INPUT 1 "in2";
    .port_info 2 /OUTPUT 1 "out";
L_0x55eff46be030 .functor XOR 1, L_0x55eff46bdef0, L_0x55eff46bf7d0, C4<0>, C4<0>;
v0x55eff46af620_0 .net "in1", 0 0, L_0x55eff46bdef0;  alias, 1 drivers
v0x55eff46af730_0 .net "in2", 0 0, L_0x55eff46bf7d0;  alias, 1 drivers
v0x55eff46af7f0_0 .net "out", 0 0, L_0x55eff46be030;  alias, 1 drivers
S_0x55eff46afff0 .scope module, "adders[3]" "fulladder1" 5 10, 6 1 0, S_0x55eff46a8c60;
 .timescale 0 0;
    .port_info 0 /INPUT 1 "A";
    .port_info 1 /INPUT 1 "B";
    .port_info 2 /INPUT 1 "Cin";
    .port_info 3 /OUTPUT 1 "S";
    .port_info 4 /OUTPUT 1 "Cout";
v0x55eff46b1e60_0 .net "A", 0 0, L_0x55eff46bf110;  1 drivers
v0x55eff46b1f50_0 .net "B", 0 0, L_0x55eff46bf460;  1 drivers
v0x55eff46b2060_0 .net "Cin", 0 0, L_0x55eff46bf970;  1 drivers
v0x55eff46b2150_0 .net "Cout", 0 0, L_0x55eff46beea0;  1 drivers
v0x55eff46b21f0_0 .net "S", 0 0, L_0x55eff46be850;  1 drivers
v0x55eff46b22e0_0 .net "not_ab_ovf", 0 0, L_0x55eff46beab0;  1 drivers
v0x55eff46b23d0_0 .net "not_cin_ovf", 0 0, L_0x55eff46bec60;  1 drivers
v0x55eff46b24c0_0 .net "sum_ab", 0 0, L_0x55eff46be710;  1 drivers
S_0x55eff46b0270 .scope module, "na1" "nand2" 6 15, 7 1 0, S_0x55eff46afff0;
 .timescale 0 0;
    .port_info 0 /INPUT 1 "in1";
    .port_info 1 /INPUT 1 "in2";
    .port_info 2 /OUTPUT 1 "out";
L_0x55eff46be900 .functor AND 1, L_0x55eff46bf110, L_0x55eff46bf460, C4<1>, C4<1>;
L_0x55eff46beab0 .functor NOT 1, L_0x55eff46be900, C4<0>, C4<0>, C4<0>;
v0x55eff46b04e0_0 .net *"_ivl_0", 0 0, L_0x55eff46be900;  1 drivers
v0x55eff46b05e0_0 .net "in1", 0 0, L_0x55eff46bf110;  alias, 1 drivers
v0x55eff46b06a0_0 .net "in2", 0 0, L_0x55eff46bf460;  alias, 1 drivers
v0x55eff46b0740_0 .net "out", 0 0, L_0x55eff46beab0;  alias, 1 drivers
S_0x55eff46b0880 .scope module, "na2" "nand2" 6 16, 7 1 0, S_0x55eff46afff0;
 .timescale 0 0;
    .port_info 0 /INPUT 1 "in1";
    .port_info 1 /INPUT 1 "in2";
    .port_info 2 /OUTPUT 1 "out";
L_0x55eff46beb40 .functor AND 1, L_0x55eff46be710, L_0x55eff46bf970, C4<1>, C4<1>;
L_0x55eff46bec60 .functor NOT 1, L_0x55eff46beb40, C4<0>, C4<0>, C4<0>;
v0x55eff46b0ab0_0 .net *"_ivl_0", 0 0, L_0x55eff46beb40;  1 drivers
v0x55eff46b0bb0_0 .net "in1", 0 0, L_0x55eff46be710;  alias, 1 drivers
v0x55eff46b0c70_0 .net "in2", 0 0, L_0x55eff46bf970;  alias, 1 drivers
v0x55eff46b0d10_0 .net "out", 0 0, L_0x55eff46bec60;  alias, 1 drivers
S_0x55eff46b0e50 .scope module, "na3" "nand2" 6 17, 7 1 0, S_0x55eff46afff0;
 .timescale 0 0;
    .port_info 0 /INPUT 1 "in1";
    .port_info 1 /INPUT 1 "in2";
    .port_info 2 /OUTPUT 1 "out";
L_0x55eff46becf0 .functor AND 1, L_0x55eff46beab0, L_0x55eff46bec60, C4<1>, C4<1>;
L_0x55eff46beea0 .functor NOT 1, L_0x55eff46becf0, C4<0>, C4<0>, C4<0>;
v0x55eff46b10b0_0 .net *"_ivl_0", 0 0, L_0x55eff46becf0;  1 drivers
v0x55eff46b1190_0 .net "in1", 0 0, L_0x55eff46beab0;  alias, 1 drivers
v0x55eff46b1280_0 .net "in2", 0 0, L_0x55eff46bec60;  alias, 1 drivers
v0x55eff46b1380_0 .net "out", 0 0, L_0x55eff46beea0;  alias, 1 drivers
S_0x55eff46b1440 .scope module, "xor_int" "xor2" 6 11, 8 1 0, S_0x55eff46afff0;
 .timescale 0 0;
    .port_info 0 /INPUT 1 "in1";
    .port_info 1 /INPUT 1 "in2";
    .port_info 2 /OUTPUT 1 "out";
L_0x55eff46be710 .functor XOR 1, L_0x55eff46bf110, L_0x55eff46bf460, C4<0>, C4<0>;
v0x55eff46b1670_0 .net "in1", 0 0, L_0x55eff46bf110;  alias, 1 drivers
v0x55eff46b1760_0 .net "in2", 0 0, L_0x55eff46bf460;  alias, 1 drivers
v0x55eff46b1830_0 .net "out", 0 0, L_0x55eff46be710;  alias, 1 drivers
S_0x55eff46b1930 .scope module, "xor_sum" "xor2" 6 12, 8 1 0, S_0x55eff46afff0;
 .timescale 0 0;
    .port_info 0 /INPUT 1 "in1";
    .port_info 1 /INPUT 1 "in2";
    .port_info 2 /OUTPUT 1 "out";
L_0x55eff46be850 .functor XOR 1, L_0x55eff46be710, L_0x55eff46bf970, C4<0>, C4<0>;
v0x55eff46b1bb0_0 .net "in1", 0 0, L_0x55eff46be710;  alias, 1 drivers
v0x55eff46b1cc0_0 .net "in2", 0 0, L_0x55eff46bf970;  alias, 1 drivers
v0x55eff46b1d80_0 .net "out", 0 0, L_0x55eff46be850;  alias, 1 drivers
S_0x55eff46b34e0 .scope module, "my_clkrst" "clkrst" 3 13, 9 12 0, S_0x55eff466efb0;
 .timescale 0 0;
    .port_info 0 /OUTPUT 1 "clk";
    .port_info 1 /OUTPUT 1 "rst";
    .port_info 2 /INPUT 1 "err";
v0x55eff46b3770_0 .var "clk", 0 0;
v0x55eff46b3850_0 .var/i "cycle_count", 31 0;
v0x55eff46b3930_0 .net "err", 0 0, o0x7f7e68047978;  alias, 0 drivers
v0x55eff46b39d0_0 .var "rst", 0 0;
E_0x55eff460c900 .event posedge, v0x55eff46b3770_0;
S_0x55eff466e770 .scope module, "nor2" "nor2" 10 1;
 .timescale 0 0;
    .port_info 0 /INPUT 1 "in1";
    .port_info 1 /INPUT 1 "in2";
    .port_info 2 /OUTPUT 1 "out";
o0x7f7e68047b28 .functor BUFZ 1, C4<z>; HiZ drive
o0x7f7e68047b58 .functor BUFZ 1, C4<z>; HiZ drive
L_0x55eff46c0770 .functor OR 1, o0x7f7e68047b28, o0x7f7e68047b58, C4<0>, C4<0>;
L_0x55eff46bf900 .functor NOT 1, L_0x55eff46c0770, C4<0>, C4<0>, C4<0>;
v0x55eff46b4170_0 .net *"_ivl_0", 0 0, L_0x55eff46c0770;  1 drivers
v0x55eff46b4210_0 .net "in1", 0 0, o0x7f7e68047b28;  0 drivers
v0x55eff46b42d0_0 .net "in2", 0 0, o0x7f7e68047b58;  0 drivers
v0x55eff46b43a0_0 .net "out", 0 0, L_0x55eff46bf900;  1 drivers
S_0x55eff466df30 .scope module, "not1" "not1" 11 1;
 .timescale 0 0;
    .port_info 0 /INPUT 1 "in1";
    .port_info 1 /OUTPUT 1 "out";
o0x7f7e68047c48 .functor BUFZ 1, C4<z>; HiZ drive
L_0x55eff46c1020 .functor NOT 1, o0x7f7e68047c48, C4<0>, C4<0>, C4<0>;
v0x55eff46b44e0_0 .net "in1", 0 0, o0x7f7e68047c48;  0 drivers
v0x55eff46b45a0_0 .net "out", 0 0, L_0x55eff46c1020;  1 drivers
    .scope S_0x55eff46b34e0;
T_0 ;
    %vpi_call/w 9 23 "$dumpvars" {0 0 0};
    %pushi/vec4 0, 0, 32;
    %store/vec4 v0x55eff46b3850_0, 0, 32;
    %pushi/vec4 1, 0, 1;
    %store/vec4 v0x55eff46b39d0_0, 0, 1;
    %pushi/vec4 1, 0, 1;
    %store/vec4 v0x55eff46b3770_0, 0, 1;
    %delay 201, 0;
    %pushi/vec4 0, 0, 1;
    %store/vec4 v0x55eff46b39d0_0, 0, 1;
    %end;
    .thread T_0;
    .scope S_0x55eff46b34e0;
T_1 ;
    %delay 50, 0;
    %load/vec4 v0x55eff46b3770_0;
    %inv;
    %store/vec4 v0x55eff46b3770_0, 0, 1;
    %load/vec4 v0x55eff46b3770_0;
    %load/vec4 v0x55eff46b3930_0;
    %and;
    %flag_set/vec4 8;
    %jmp/0xz  T_1.0, 8;
    %vpi_call/w 9 33 "$display", "Error signal asserted" {0 0 0};
    %vpi_call/w 9 34 "$stop" {0 0 0};
T_1.0 ;
    %jmp T_1;
    .thread T_1;
    .scope S_0x55eff46b34e0;
T_2 ;
    %wait E_0x55eff460c900;
    %load/vec4 v0x55eff46b3850_0;
    %addi 1, 0, 32;
    %store/vec4 v0x55eff46b3850_0, 0, 32;
    %load/vec4 v0x55eff46b3850_0;
    %cmpi/s 100000, 0, 32;
    %flag_or 5, 4; GT is !LE
    %flag_inv 5;
    %jmp/0xz  T_2.0, 5;
    %vpi_call/w 9 40 "$display", "hmm....more than 100000 cycles of simulation...error?\012" {0 0 0};
    %vpi_call/w 9 41 "$finish" {0 0 0};
T_2.0 ;
    %jmp T_2;
    .thread T_2;
    .scope S_0x55eff466efb0;
T_3 ;
    %pushi/vec4 0, 0, 17;
    %store/vec4 v0x55eff46b3b10_0, 0, 17;
    %pushi/vec4 0, 0, 17;
    %store/vec4 v0x55eff46b3bf0_0, 0, 17;
    %delay 3200, 0;
    %vpi_call/w 3 21 "$finish" {0 0 0};
    %end;
    .thread T_3;
    .scope S_0x55eff466efb0;
T_4 ;
    %wait E_0x55eff460c900;
    %vpi_func 3 26 "$random" 32 {0 0 0};
    %pad/s 16;
    %ix/load 4, 0, 0;
    %flag_set/imm 4, 0;
    %store/vec4 v0x55eff46b3b10_0, 4, 16;
    %vpi_func 3 27 "$random" 32 {0 0 0};
    %pad/s 16;
    %ix/load 4, 0, 0;
    %flag_set/imm 4, 0;
    %store/vec4 v0x55eff46b3bf0_0, 4, 16;
    %jmp T_4;
    .thread T_4;
    .scope S_0x55eff466efb0;
T_5 ;
    %wait E_0x55eff460ca60;
    %load/vec4 v0x55eff46b3b10_0;
    %load/vec4 v0x55eff46b3bf0_0;
    %add;
    %store/vec4 v0x55eff46b3f30_0, 0, 17;
    %vpi_call/w 3 33 "$display", "A : %x, B%x, Sum %x", v0x55eff46b3b10_0, v0x55eff46b3bf0_0, v0x55eff46b3e40_0 {0 0 0};
    %load/vec4 v0x55eff46b3f30_0;
    %parti/s 16, 0, 2;
    %load/vec4 v0x55eff46b3e40_0;
    %cmp/ne;
    %jmp/0xz  T_5.0, 6;
    %vpi_call/w 3 35 "$display", "ERRORCHECK Sum error" {0 0 0};
T_5.0 ;
    %load/vec4 v0x55eff46b3f30_0;
    %parti/s 1, 16, 6;
    %load/vec4 v0x55eff46b3d70_0;
    %cmp/ne;
    %jmp/0xz  T_5.2, 6;
    %vpi_call/w 3 36 "$display", "ERRORCHECK Cout error" {0 0 0};
T_5.2 ;
    %jmp T_5;
    .thread T_5;
# The file index is used to find the file name in the following table.
:file_names 12;
    "N/A";
    "<interactive>";
    "-";
    "fulladder_bench.v";
    "fulladder16.v";
    "fulladder4.v";
    "fulladder1.v";
    "nand2.v";
    "xor2.v";
    "clkrst.v";
    "nor2.v";
    "not1.v";
